TN:
SF:/usr/include/c++/7/bits/alloc_traits.h
FN:435,_ZNSt16allocator_traitsISaIcEE8allocateERS0_m
FN:435,_ZNSt16allocator_traitsISaIdEE8allocateERS0_m
FN:435,_ZNSt16allocator_traitsISaISt6vectorIN8nlohmann10basic_jsonISt3mapS0_NSt7__cxx1112basic_stringIcSt11char_traitsIcESaIcEEEblmdSaNS1_14adl_serializerEEESaISB_EEEE8allocateERSE_m
FN:435,_ZNSt16allocator_traitsISaINSt7__cxx1112basic_stringIcSt11char_traitsIcESaIcEEEEE8allocateERS6_m
FN:435,_ZNSt16allocator_traitsISaISt3mapINSt7__cxx1112basic_stringIcSt11char_traitsIcESaIcEEEN8nlohmann10basic_jsonIS0_St6vectorS6_blmdSaNS7_14adl_serializerEEESt4lessIvESaISt4pairIKS6_SB_EEEEE8allocateERSJ_m
FN:435,_ZNSt16allocator_traitsISaIP6SensorEE8allocateERS2_m
FN:435,_ZNSt16allocator_traitsISaIN8nlohmann10basic_jsonISt3mapSt6vectorNSt7__cxx1112basic_stringIcSt11char_traitsIcESaIcEEEblmdSaNS0_14adl_serializerEEEEE8allocateERSC_m
FN:435,_ZNSt16allocator_traitsISaISt13_Rb_tree_nodeISt4pairIKNSt7__cxx1112basic_stringIcSt11char_traitsIcESaIcEEEN8nlohmann10basic_jsonISt3mapSt6vectorS7_blmdSaNS9_14adl_serializerEEEEEEE8allocateERSH_m
FN:435,_ZNSt16allocator_traitsISaImEE8allocateERS0_m
FN:435,_ZNSt16allocator_traitsISaISt23_Sp_counted_ptr_inplaceIN8nlohmann6detail20input_stream_adapterESaIS3_ELN9__gnu_cxx12_Lock_policyE2EEEE8allocateERS8_m
FN:435,_ZNSt16allocator_traitsISaIPN8nlohmann10basic_jsonISt3mapSt6vectorNSt7__cxx1112basic_stringIcSt11char_traitsIcESaIcEEEblmdSaNS0_14adl_serializerEEEEE8allocateERSD_m
FN:461,_ZNSt16allocator_traitsISaISt3mapINSt7__cxx1112basic_stringIcSt11char_traitsIcESaIcEEEN8nlohmann10basic_jsonIS0_St6vectorS6_blmdSaNS7_14adl_serializerEEESt4lessIvESaISt4pairIKS6_SB_EEEEE10deallocateERSJ_PSI_m
FN:461,_ZNSt16allocator_traitsISaIP6SensorEE10deallocateERS2_PS1_m
FN:461,_ZNSt16allocator_traitsISaIcEE10deallocateERS0_Pcm
FN:461,_ZNSt16allocator_traitsISaISt23_Sp_counted_ptr_inplaceIN8nlohmann6detail20input_stream_adapterESaIS3_ELN9__gnu_cxx12_Lock_policyE2EEEE10deallocateERS8_PS7_m
FN:461,_ZNSt16allocator_traitsISaISt6vectorIN8nlohmann10basic_jsonISt3mapS0_NSt7__cxx1112basic_stringIcSt11char_traitsIcESaIcEEEblmdSaNS1_14adl_serializerEEESaISB_EEEE10deallocateERSE_PSD_m
FN:461,_ZNSt16allocator_traitsISaISt13_Rb_tree_nodeISt4pairIKNSt7__cxx1112basic_stringIcSt11char_traitsIcESaIcEEEN8nlohmann10basic_jsonISt3mapSt6vectorS7_blmdSaNS9_14adl_serializerEEEEEEE10deallocateERSH_PSG_m
FN:461,_ZNSt16allocator_traitsISaIN8nlohmann10basic_jsonISt3mapSt6vectorNSt7__cxx1112basic_stringIcSt11char_traitsIcESaIcEEEblmdSaNS0_14adl_serializerEEEEE10deallocateERSC_PSB_m
FN:461,_ZNSt16allocator_traitsISaINSt7__cxx1112basic_stringIcSt11char_traitsIcESaIcEEEEE10deallocateERS6_PS5_m
FN:461,_ZNSt16allocator_traitsISaIPN8nlohmann10basic_jsonISt3mapSt6vectorNSt7__cxx1112basic_stringIcSt11char_traitsIcESaIcEEEblmdSaNS0_14adl_serializerEEEEE10deallocateERSD_PSC_m
FN:461,_ZNSt16allocator_traitsISaIdEE10deallocateERS0_Pdm
FN:461,_ZNSt16allocator_traitsISaImEE10deallocateERS0_Pmm
FN:474,_ZNSt16allocator_traitsISaISt3mapINSt7__cxx1112basic_stringIcSt11char_traitsIcESaIcEEEN8nlohmann10basic_jsonIS0_St6vectorS6_blmdSaNS7_14adl_serializerEEESt4lessIvESaISt4pairIKS6_SB_EEEEE9constructISI_JRKSI_EEEvRSJ_PT_DpOT0_
FN:474,_ZNSt16allocator_traitsISaISt13_Rb_tree_nodeISt4pairIKNSt7__cxx1112basic_stringIcSt11char_traitsIcESaIcEEEN8nlohmann10basic_jsonISt3mapSt6vectorS7_blmdSaNS9_14adl_serializerEEEEEEE9constructISF_JRKSF_EEEvRSH_PT_DpOT0_
FN:474,_ZNSt16allocator_traitsISaIPN8nlohmann10basic_jsonISt3mapSt6vectorNSt7__cxx1112basic_stringIcSt11char_traitsIcESaIcEEEblmdSaNS0_14adl_serializerEEEEE9constructISC_JRKSC_EEEvRSD_PT_DpOT0_
FN:474,_ZNSt16allocator_traitsISaIdEE9constructIdJdEEEvRS0_PT_DpOT0_
FN:474,_ZNSt16allocator_traitsISaIN8nlohmann10basic_jsonISt3mapSt6vectorNSt7__cxx1112basic_stringIcSt11char_traitsIcESaIcEEEblmdSaNS0_14adl_serializerEEEEE9constructISB_JRbEEEvRSC_PT_DpOT0_
FN:474,_ZNSt16allocator_traitsISaIN8nlohmann10basic_jsonISt3mapSt6vectorNSt7__cxx1112basic_stringIcSt11char_traitsIcESaIcEEEblmdSaNS0_14adl_serializerEEEEE9constructISB_JSB_EEEvRSC_PT_DpOT0_
FN:474,_ZNSt16allocator_traitsISaISt6vectorIN8nlohmann10basic_jsonISt3mapS0_NSt7__cxx1112basic_stringIcSt11char_traitsIcESaIcEEEblmdSaNS1_14adl_serializerEEESaISB_EEEE9constructISD_JEEEvRSE_PT_DpOT0_
FN:474,_ZNSt16allocator_traitsISaISt3mapINSt7__cxx1112basic_stringIcSt11char_traitsIcESaIcEEEN8nlohmann10basic_jsonIS0_St6vectorS6_blmdSaNS7_14adl_serializerEEESt4lessIvESaISt4pairIKS6_SB_EEEEE9constructISI_JEEEvRSJ_PT_DpOT0_
FN:474,_ZNSt16allocator_traitsISaIN8nlohmann10basic_jsonISt3mapSt6vectorNSt7__cxx1112basic_stringIcSt11char_traitsIcESaIcEEEblmdSaNS0_14adl_serializerEEEEE9constructISB_JRS9_EEEvRSC_PT_DpOT0_
FN:474,_ZNSt16allocator_traitsISaIPN8nlohmann10basic_jsonISt3mapSt6vectorNSt7__cxx1112basic_stringIcSt11char_traitsIcESaIcEEEblmdSaNS0_14adl_serializerEEEEE9constructISC_JSC_EEEvRSD_PT_DpOT0_
FN:474,_ZNSt16allocator_traitsISaIcEE9constructIcJcEEEvRS0_PT_DpOT0_
FN:474,_ZNSt16allocator_traitsISaISt13_Rb_tree_nodeISt4pairIKNSt7__cxx1112basic_stringIcSt11char_traitsIcESaIcEEEN8nlohmann10basic_jsonISt3mapSt6vectorS7_blmdSaNS9_14adl_serializerEEEEEEE9constructISF_JRKSt21piecewise_construct_tSt5tupleIJRS8_EESN_IJEEEEEvRSH_PT_DpOT0_
FN:474,_ZNSt16allocator_traitsISaIN8nlohmann6detail20input_stream_adapterEEE9constructIS2_JRSiEEEvRS3_PT_DpOT0_
FN:474,_ZNSt16allocator_traitsISaIN8nlohmann10basic_jsonISt3mapSt6vectorNSt7__cxx1112basic_stringIcSt11char_traitsIcESaIcEEEblmdSaNS0_14adl_serializerEEEEE9constructISB_JRdEEEvRSC_PT_DpOT0_
FN:474,_ZNSt16allocator_traitsISaIN8nlohmann10basic_jsonISt3mapSt6vectorNSt7__cxx1112basic_stringIcSt11char_traitsIcESaIcEEEblmdSaNS0_14adl_serializerEEEEE9constructISB_JDnEEEvRSC_PT_DpOT0_
FN:474,_ZNSt16allocator_traitsISaISt6vectorIN8nlohmann10basic_jsonISt3mapS0_NSt7__cxx1112basic_stringIcSt11char_traitsIcESaIcEEEblmdSaNS1_14adl_serializerEEESaISB_EEEE9constructISD_JRKSD_EEEvRSE_PT_DpOT0_
FN:474,_ZNSt16allocator_traitsISaINSt7__cxx1112basic_stringIcSt11char_traitsIcESaIcEEEEE9constructIS5_JRKS5_EEEvRS6_PT_DpOT0_
FN:474,_ZNSt16allocator_traitsISaIP6SensorEE9constructIS1_JS1_EEEvRS2_PT_DpOT0_
FN:474,_ZNSt16allocator_traitsISaIN8nlohmann10basic_jsonISt3mapSt6vectorNSt7__cxx1112basic_stringIcSt11char_traitsIcESaIcEEEblmdSaNS0_14adl_serializerEEEEE9constructISB_JRmEEEvRSC_PT_DpOT0_
FN:474,_ZNSt16allocator_traitsISaINSt7__cxx1112basic_stringIcSt11char_traitsIcESaIcEEEEE9constructIS5_JRA1_KcEEEvRS6_PT_DpOT0_
FN:474,_ZNSt16allocator_traitsISaIN8nlohmann10basic_jsonISt3mapSt6vectorNSt7__cxx1112basic_stringIcSt11char_traitsIcESaIcEEEblmdSaNS0_14adl_serializerEEEEE9constructISB_JNS0_6detail7value_tEEEEvRSC_PT_DpOT0_
FN:474,_ZNSt16allocator_traitsISaIN8nlohmann10basic_jsonISt3mapSt6vectorNSt7__cxx1112basic_stringIcSt11char_traitsIcESaIcEEEblmdSaNS0_14adl_serializerEEEEE9constructISB_JRlEEEvRSC_PT_DpOT0_
FN:486,_ZNSt16allocator_traitsISaIcEE7destroyIcEEvRS0_PT_
FN:486,_ZNSt16allocator_traitsISaIN8nlohmann10basic_jsonISt3mapSt6vectorNSt7__cxx1112basic_stringIcSt11char_traitsIcESaIcEEEblmdSaNS0_14adl_serializerEEEEE7destroyISB_EEvRSC_PT_
FN:486,_ZNSt16allocator_traitsISaISt6vectorIN8nlohmann10basic_jsonISt3mapS0_NSt7__cxx1112basic_stringIcSt11char_traitsIcESaIcEEEblmdSaNS1_14adl_serializerEEESaISB_EEEE7destroyISD_EEvRSE_PT_
FN:486,_ZNSt16allocator_traitsISaIN8nlohmann6detail20input_stream_adapterEEE7destroyIS2_EEvRS3_PT_
FN:486,_ZNSt16allocator_traitsISaIPN8nlohmann10basic_jsonISt3mapSt6vectorNSt7__cxx1112basic_stringIcSt11char_traitsIcESaIcEEEblmdSaNS0_14adl_serializerEEEEE7destroyISC_EEvRSD_PT_
FN:486,_ZNSt16allocator_traitsISaIdEE7destroyIdEEvRS0_PT_
FN:486,_ZNSt16allocator_traitsISaIP6SensorEE7destroyIS1_EEvRS2_PT_
FN:486,_ZNSt16allocator_traitsISaISt13_Rb_tree_nodeISt4pairIKNSt7__cxx1112basic_stringIcSt11char_traitsIcESaIcEEEN8nlohmann10basic_jsonISt3mapSt6vectorS7_blmdSaNS9_14adl_serializerEEEEEEE7destroyISF_EEvRSH_PT_
FN:486,_ZNSt16allocator_traitsISaINSt7__cxx1112basic_stringIcSt11char_traitsIcESaIcEEEEE7destroyIS5_EEvRS6_PT_
FN:486,_ZNSt16allocator_traitsISaISt3mapINSt7__cxx1112basic_stringIcSt11char_traitsIcESaIcEEEN8nlohmann10basic_jsonIS0_St6vectorS6_blmdSaNS7_14adl_serializerEEESt4lessIvESaISt4pairIKS6_SB_EEEEE7destroyISI_EEvRSJ_PT_
FN:495,_ZNSt16allocator_traitsISaImEE8max_sizeERKS0_
FN:495,_ZNSt16allocator_traitsISaIN8nlohmann10basic_jsonISt3mapSt6vectorNSt7__cxx1112basic_stringIcSt11char_traitsIcESaIcEEEblmdSaNS0_14adl_serializerEEEEE8max_sizeERKSC_
FN:495,_ZNSt16allocator_traitsISaISt13_Rb_tree_nodeISt4pairIKNSt7__cxx1112basic_stringIcSt11char_traitsIcESaIcEEEN8nlohmann10basic_jsonISt3mapSt6vectorS7_blmdSaNS9_14adl_serializerEEEEEEE8max_sizeERKSH_
FN:495,_ZNSt16allocator_traitsISaIcEE8max_sizeERKS0_
FN:495,_ZNSt16allocator_traitsISaIP6SensorEE8max_sizeERKS2_
FN:495,_ZNSt16allocator_traitsISaIdEE8max_sizeERKS0_
FN:495,_ZNSt16allocator_traitsISaIPN8nlohmann10basic_jsonISt3mapSt6vectorNSt7__cxx1112basic_stringIcSt11char_traitsIcESaIcEEEblmdSaNS0_14adl_serializerEEEEE8max_sizeERKSD_
FN:504,_ZNSt16allocator_traitsISaIN8nlohmann10basic_jsonISt3mapSt6vectorNSt7__cxx1112basic_stringIcSt11char_traitsIcESaIcEEEblmdSaNS0_14adl_serializerEEEEE37select_on_container_copy_constructionERKSC_
FN:504,_ZNSt16allocator_traitsISaISt13_Rb_tree_nodeISt4pairIKNSt7__cxx1112basic_stringIcSt11char_traitsIcESaIcEEEN8nlohmann10basic_jsonISt3mapSt6vectorS7_blmdSaNS9_14adl_serializerEEEEEEE37select_on_container_copy_constructionERKSH_
FNDA:2,_ZNSt16allocator_traitsISaIPN8nlohmann10basic_jsonISt3mapSt6vectorNSt7__cxx1112basic_stringIcSt11char_traitsIcESaIcEEEblmdSaNS0_14adl_serializerEEEEE8allocateERSD_m
FNDA:41168,_ZNSt16allocator_traitsISaISt13_Rb_tree_nodeISt4pairIKNSt7__cxx1112basic_stringIcSt11char_traitsIcESaIcEEEN8nlohmann10basic_jsonISt3mapSt6vectorS7_blmdSaNS9_14adl_serializerEEEEEEE8allocateERSH_m
FNDA:11,_ZNSt16allocator_traitsISaIN8nlohmann10basic_jsonISt3mapSt6vectorNSt7__cxx1112basic_stringIcSt11char_traitsIcESaIcEEEblmdSaNS0_14adl_serializerEEEEE8allocateERSC_m
FNDA:7,_ZNSt16allocator_traitsISaIcEE8allocateERS0_m
FNDA:1,_ZNSt16allocator_traitsISaImEE8allocateERS0_m
FNDA:1,_ZNSt16allocator_traitsISaISt23_Sp_counted_ptr_inplaceIN8nlohmann6detail20input_stream_adapterESaIS3_ELN9__gnu_cxx12_Lock_policyE2EEEE8allocateERS8_m
FNDA:33,_ZNSt16allocator_traitsISaIdEE8allocateERS0_m
FNDA:22,_ZNSt16allocator_traitsISaIP6SensorEE8allocateERS2_m
FNDA:5312,_ZNSt16allocator_traitsISaINSt7__cxx1112basic_stringIcSt11char_traitsIcESaIcEEEEE8allocateERS6_m
FNDA:1,_ZNSt16allocator_traitsISaISt6vectorIN8nlohmann10basic_jsonISt3mapS0_NSt7__cxx1112basic_stringIcSt11char_traitsIcESaIcEEEblmdSaNS1_14adl_serializerEEESaISB_EEEE8allocateERSE_m
FNDA:1328,_ZNSt16allocator_traitsISaISt3mapINSt7__cxx1112basic_stringIcSt11char_traitsIcESaIcEEEN8nlohmann10basic_jsonIS0_St6vectorS6_blmdSaNS7_14adl_serializerEEESt4lessIvESaISt4pairIKS6_SB_EEEEE8allocateERSJ_m
FNDA:41168,_ZNSt16allocator_traitsISaISt13_Rb_tree_nodeISt4pairIKNSt7__cxx1112basic_stringIcSt11char_traitsIcESaIcEEEN8nlohmann10basic_jsonISt3mapSt6vectorS7_blmdSaNS9_14adl_serializerEEEEEEE10deallocateERSH_PSG_m
FNDA:11,_ZNSt16allocator_traitsISaIN8nlohmann10basic_jsonISt3mapSt6vectorNSt7__cxx1112basic_stringIcSt11char_traitsIcESaIcEEEblmdSaNS0_14adl_serializerEEEEE10deallocateERSC_PSB_m
FNDA:1,_ZNSt16allocator_traitsISaISt23_Sp_counted_ptr_inplaceIN8nlohmann6detail20input_stream_adapterESaIS3_ELN9__gnu_cxx12_Lock_policyE2EEEE10deallocateERS8_PS7_m
FNDA:1,_ZNSt16allocator_traitsISaImEE10deallocateERS0_Pmm
FNDA:2,_ZNSt16allocator_traitsISaIPN8nlohmann10basic_jsonISt3mapSt6vectorNSt7__cxx1112basic_stringIcSt11char_traitsIcESaIcEEEblmdSaNS0_14adl_serializerEEEEE10deallocateERSD_PSC_m
FNDA:33,_ZNSt16allocator_traitsISaIdEE10deallocateERS0_Pdm
FNDA:22,_ZNSt16allocator_traitsISaIP6SensorEE10deallocateERS2_PS1_m
FNDA:7,_ZNSt16allocator_traitsISaIcEE10deallocateERS0_Pcm
FNDA:5312,_ZNSt16allocator_traitsISaINSt7__cxx1112basic_stringIcSt11char_traitsIcESaIcEEEEE10deallocateERS6_PS5_m
FNDA:1,_ZNSt16allocator_traitsISaISt6vectorIN8nlohmann10basic_jsonISt3mapS0_NSt7__cxx1112basic_stringIcSt11char_traitsIcESaIcEEEblmdSaNS1_14adl_serializerEEESaISB_EEEE10deallocateERSE_PSD_m
FNDA:1328,_ZNSt16allocator_traitsISaISt3mapINSt7__cxx1112basic_stringIcSt11char_traitsIcESaIcEEEN8nlohmann10basic_jsonIS0_St6vectorS6_blmdSaNS7_14adl_serializerEEESt4lessIvESaISt4pairIKS6_SB_EEEEE10deallocateERSJ_PSI_m
FNDA:20584,_ZNSt16allocator_traitsISaISt13_Rb_tree_nodeISt4pairIKNSt7__cxx1112basic_stringIcSt11char_traitsIcESaIcEEEN8nlohmann10basic_jsonISt3mapSt6vectorS7_blmdSaNS9_14adl_serializerEEEEEEE9constructISF_JRKSt21piecewise_construct_tSt5tupleIJRS8_EESN_IJEEEEEvRSH_PT_DpOT0_
FNDA:0,_ZNSt16allocator_traitsISaIN8nlohmann10basic_jsonISt3mapSt6vectorNSt7__cxx1112basic_stringIcSt11char_traitsIcESaIcEEEblmdSaNS0_14adl_serializerEEEEE9constructISB_JSB_EEEvRSC_PT_DpOT0_
FNDA:665,_ZNSt16allocator_traitsISaIPN8nlohmann10basic_jsonISt3mapSt6vectorNSt7__cxx1112basic_stringIcSt11char_traitsIcESaIcEEEblmdSaNS0_14adl_serializerEEEEE9constructISC_JSC_EEEvRSD_PT_DpOT0_
FNDA:664,_ZNSt16allocator_traitsISaIN8nlohmann10basic_jsonISt3mapSt6vectorNSt7__cxx1112basic_stringIcSt11char_traitsIcESaIcEEEblmdSaNS0_14adl_serializerEEEEE9constructISB_JNS0_6detail7value_tEEEEvRSC_PT_DpOT0_
FNDA:0,_ZNSt16allocator_traitsISaIN8nlohmann10basic_jsonISt3mapSt6vectorNSt7__cxx1112basic_stringIcSt11char_traitsIcESaIcEEEblmdSaNS0_14adl_serializerEEEEE9constructISB_JRS9_EEEvRSC_PT_DpOT0_
FNDA:0,_ZNSt16allocator_traitsISaIN8nlohmann10basic_jsonISt3mapSt6vectorNSt7__cxx1112basic_stringIcSt11char_traitsIcESaIcEEEblmdSaNS0_14adl_serializerEEEEE9constructISB_JRdEEEvRSC_PT_DpOT0_
FNDA:0,_ZNSt16allocator_traitsISaIN8nlohmann10basic_jsonISt3mapSt6vectorNSt7__cxx1112basic_stringIcSt11char_traitsIcESaIcEEEblmdSaNS0_14adl_serializerEEEEE9constructISB_JRmEEEvRSC_PT_DpOT0_
FNDA:0,_ZNSt16allocator_traitsISaIN8nlohmann10basic_jsonISt3mapSt6vectorNSt7__cxx1112basic_stringIcSt11char_traitsIcESaIcEEEblmdSaNS0_14adl_serializerEEEEE9constructISB_JRlEEEvRSC_PT_DpOT0_
FNDA:0,_ZNSt16allocator_traitsISaIN8nlohmann10basic_jsonISt3mapSt6vectorNSt7__cxx1112basic_stringIcSt11char_traitsIcESaIcEEEblmdSaNS0_14adl_serializerEEEEE9constructISB_JRbEEEvRSC_PT_DpOT0_
FNDA:0,_ZNSt16allocator_traitsISaIN8nlohmann10basic_jsonISt3mapSt6vectorNSt7__cxx1112basic_stringIcSt11char_traitsIcESaIcEEEblmdSaNS0_14adl_serializerEEEEE9constructISB_JDnEEEvRSC_PT_DpOT0_
FNDA:0,_ZNSt16allocator_traitsISaIPN8nlohmann10basic_jsonISt3mapSt6vectorNSt7__cxx1112basic_stringIcSt11char_traitsIcESaIcEEEblmdSaNS0_14adl_serializerEEEEE9constructISC_JRKSC_EEEvRSD_PT_DpOT0_
FNDA:20584,_ZNSt16allocator_traitsISaISt13_Rb_tree_nodeISt4pairIKNSt7__cxx1112basic_stringIcSt11char_traitsIcESaIcEEEN8nlohmann10basic_jsonISt3mapSt6vectorS7_blmdSaNS9_14adl_serializerEEEEEEE9constructISF_JRKSF_EEEvRSH_PT_DpOT0_
FNDA:861394,_ZNSt16allocator_traitsISaIcEE9constructIcJcEEEvRS0_PT_DpOT0_
FNDA:1,_ZNSt16allocator_traitsISaIN8nlohmann6detail20input_stream_adapterEEE9constructIS2_JRSiEEEvRS3_PT_DpOT0_
FNDA:0,_ZNSt16allocator_traitsISaINSt7__cxx1112basic_stringIcSt11char_traitsIcESaIcEEEEE9constructIS5_JRA1_KcEEEvRS6_PT_DpOT0_
FNDA:1,_ZNSt16allocator_traitsISaISt6vectorIN8nlohmann10basic_jsonISt3mapS0_NSt7__cxx1112basic_stringIcSt11char_traitsIcESaIcEEEblmdSaNS1_14adl_serializerEEESaISB_EEEE9constructISD_JEEEvRSE_PT_DpOT0_
FNDA:664,_ZNSt16allocator_traitsISaISt3mapINSt7__cxx1112basic_stringIcSt11char_traitsIcESaIcEEEN8nlohmann10basic_jsonIS0_St6vectorS6_blmdSaNS7_14adl_serializerEEESt4lessIvESaISt4pairIKS6_SB_EEEEE9constructISI_JEEEvRSJ_PT_DpOT0_
FNDA:0,_ZNSt16allocator_traitsISaISt6vectorIN8nlohmann10basic_jsonISt3mapS0_NSt7__cxx1112basic_stringIcSt11char_traitsIcESaIcEEEblmdSaNS1_14adl_serializerEEESaISB_EEEE9constructISD_JRKSD_EEEvRSE_PT_DpOT0_
FNDA:664,_ZNSt16allocator_traitsISaISt3mapINSt7__cxx1112basic_stringIcSt11char_traitsIcESaIcEEEN8nlohmann10basic_jsonIS0_St6vectorS6_blmdSaNS7_14adl_serializerEEESt4lessIvESaISt4pairIKS6_SB_EEEEE9constructISI_JRKSI_EEEvRSJ_PT_DpOT0_
FNDA:5312,_ZNSt16allocator_traitsISaINSt7__cxx1112basic_stringIcSt11char_traitsIcESaIcEEEEE9constructIS5_JRKS5_EEEvRS6_PT_DpOT0_
FNDA:1992,_ZNSt16allocator_traitsISaIdEE9constructIdJdEEEvRS0_PT_DpOT0_
FNDA:1328,_ZNSt16allocator_traitsISaIP6SensorEE9constructIS1_JS1_EEEvRS2_PT_DpOT0_
FNDA:0,_ZNSt16allocator_traitsISaIN8nlohmann10basic_jsonISt3mapSt6vectorNSt7__cxx1112basic_stringIcSt11char_traitsIcESaIcEEEblmdSaNS0_14adl_serializerEEEEE7destroyISB_EEvRSC_PT_
FNDA:665,_ZNSt16allocator_traitsISaIPN8nlohmann10basic_jsonISt3mapSt6vectorNSt7__cxx1112basic_stringIcSt11char_traitsIcESaIcEEEblmdSaNS0_14adl_serializerEEEEE7destroyISC_EEvRSD_PT_
FNDA:1,_ZNSt16allocator_traitsISaIN8nlohmann6detail20input_stream_adapterEEE7destroyIS2_EEvRS3_PT_
FNDA:41168,_ZNSt16allocator_traitsISaISt13_Rb_tree_nodeISt4pairIKNSt7__cxx1112basic_stringIcSt11char_traitsIcESaIcEEEN8nlohmann10basic_jsonISt3mapSt6vectorS7_blmdSaNS9_14adl_serializerEEEEEEE7destroyISF_EEvRSH_PT_
FNDA:17929,_ZNSt16allocator_traitsISaIcEE7destroyIcEEvRS0_PT_
FNDA:0,_ZNSt16allocator_traitsISaIdEE7destroyIdEEvRS0_PT_
FNDA:0,_ZNSt16allocator_traitsISaIP6SensorEE7destroyIS1_EEvRS2_PT_
FNDA:5312,_ZNSt16allocator_traitsISaINSt7__cxx1112basic_stringIcSt11char_traitsIcESaIcEEEEE7destroyIS5_EEvRS6_PT_
FNDA:1,_ZNSt16allocator_traitsISaISt6vectorIN8nlohmann10basic_jsonISt3mapS0_NSt7__cxx1112basic_stringIcSt11char_traitsIcESaIcEEEblmdSaNS1_14adl_serializerEEESaISB_EEEE7destroyISD_EEvRSE_PT_
FNDA:1328,_ZNSt16allocator_traitsISaISt3mapINSt7__cxx1112basic_stringIcSt11char_traitsIcESaIcEEEN8nlohmann10basic_jsonIS0_St6vectorS6_blmdSaNS7_14adl_serializerEEESt4lessIvESaISt4pairIKS6_SB_EEEEE7destroyISI_EEvRSJ_PT_
FNDA:4,_ZNSt16allocator_traitsISaIPN8nlohmann10basic_jsonISt3mapSt6vectorNSt7__cxx1112basic_stringIcSt11char_traitsIcESaIcEEEblmdSaNS0_14adl_serializerEEEEE8max_sizeERKSD_
FNDA:0,_ZNSt16allocator_traitsISaISt13_Rb_tree_nodeISt4pairIKNSt7__cxx1112basic_stringIcSt11char_traitsIcESaIcEEEN8nlohmann10basic_jsonISt3mapSt6vectorS7_blmdSaNS9_14adl_serializerEEEEEEE8max_sizeERKSH_
FNDA:22,_ZNSt16allocator_traitsISaIN8nlohmann10basic_jsonISt3mapSt6vectorNSt7__cxx1112basic_stringIcSt11char_traitsIcESaIcEEEblmdSaNS0_14adl_serializerEEEEE8max_sizeERKSC_
FNDA:2,_ZNSt16allocator_traitsISaImEE8max_sizeERKS0_
FNDA:66,_ZNSt16allocator_traitsISaIdEE8max_sizeERKS0_
FNDA:44,_ZNSt16allocator_traitsISaIP6SensorEE8max_sizeERKS2_
FNDA:14,_ZNSt16allocator_traitsISaIcEE8max_sizeERKS0_
FNDA:664,_ZNSt16allocator_traitsISaISt13_Rb_tree_nodeISt4pairIKNSt7__cxx1112basic_stringIcSt11char_traitsIcESaIcEEEN8nlohmann10basic_jsonISt3mapSt6vectorS7_blmdSaNS9_14adl_serializerEEEEEEE37select_on_container_copy_constructionERKSH_
FNDA:0,_ZNSt16allocator_traitsISaIN8nlohmann10basic_jsonISt3mapSt6vectorNSt7__cxx1112basic_stringIcSt11char_traitsIcESaIcEEEblmdSaNS0_14adl_serializerEEEEE37select_on_container_copy_constructionERKSC_
FNF:63
FNH:48
DA:435,47886
DA:436,47886
DA:461,47886
DA:462,47886
DA:474,913853
DA:475,913853
DA:486,66404
DA:487,66404
DA:495,152
DA:496,152
DA:504,664
DA:505,664
LF:12
LH:12
end_of_record
SF:/usr/include/c++/7/bits/allocated_ptr.h
FN:52,_ZNSt15__allocated_ptrISaISt23_Sp_counted_ptr_inplaceIN8nlohmann6detail20input_stream_adapterESaIS3_ELN9__gnu_cxx12_Lock_policyE2EEEEC2ERS8_PS7_
FN:70,_ZNSt15__allocated_ptrISaISt23_Sp_counted_ptr_inplaceIN8nlohmann6detail20input_stream_adapterESaIS3_ELN9__gnu_cxx12_Lock_policyE2EEEED2Ev
FN:78,_ZNSt15__allocated_ptrISaISt23_Sp_counted_ptr_inplaceIN8nlohmann6detail20input_stream_adapterESaIS3_ELN9__gnu_cxx12_Lock_policyE2EEEEaSEDn
FN:85,_ZNSt15__allocated_ptrISaISt23_Sp_counted_ptr_inplaceIN8nlohmann6detail20input_stream_adapterESaIS3_ELN9__gnu_cxx12_Lock_policyE2EEEE3getEv
FN:88,_ZNSt15__allocated_ptrISaISt23_Sp_counted_ptr_inplaceIN8nlohmann6detail20input_stream_adapterESaIS3_ELN9__gnu_cxx12_Lock_policyE2EEEE10_S_raw_ptrEPS7_
FN:102,_ZSt18__allocate_guardedISaISt23_Sp_counted_ptr_inplaceIN8nlohmann6detail20input_stream_adapterESaIS3_ELN9__gnu_cxx12_Lock_policyE2EEEESt15__allocated_ptrIT_ERSA_
FNDA:2,_ZNSt15__allocated_ptrISaISt23_Sp_counted_ptr_inplaceIN8nlohmann6detail20input_stream_adapterESaIS3_ELN9__gnu_cxx12_Lock_policyE2EEEEC2ERS8_PS7_
FNDA:2,_ZNSt15__allocated_ptrISaISt23_Sp_counted_ptr_inplaceIN8nlohmann6detail20input_stream_adapterESaIS3_ELN9__gnu_cxx12_Lock_policyE2EEEED2Ev
FNDA:1,_ZNSt15__allocated_ptrISaISt23_Sp_counted_ptr_inplaceIN8nlohmann6detail20input_stream_adapterESaIS3_ELN9__gnu_cxx12_Lock_policyE2EEEEaSEDn
FNDA:1,_ZNSt15__allocated_ptrISaISt23_Sp_counted_ptr_inplaceIN8nlohmann6detail20input_stream_adapterESaIS3_ELN9__gnu_cxx12_Lock_policyE2EEEE3getEv
FNDA:1,_ZNSt15__allocated_ptrISaISt23_Sp_counted_ptr_inplaceIN8nlohmann6detail20input_stream_adapterESaIS3_ELN9__gnu_cxx12_Lock_policyE2EEEE10_S_raw_ptrEPS7_
FNDA:1,_ZSt18__allocate_guardedISaISt23_Sp_counted_ptr_inplaceIN8nlohmann6detail20input_stream_adapterESaIS3_ELN9__gnu_cxx12_Lock_policyE2EEEESt15__allocated_ptrIT_ERSA_
FNF:6
FNH:6
DA:52,2
DA:53,2
DA:54,2
DA:70,2
DA:72,2
DA:73,1
DA:74,2
DA:78,1
DA:80,1
DA:81,1
DA:85,1
DA:88,1
DA:102,1
DA:104,1
LF:14
LH:14
end_of_record
SF:/usr/include/c++/7/bits/allocator.h
FN:131,_ZNSaISt6vectorIN8nlohmann10basic_jsonISt3mapS_NSt7__cxx1112basic_stringIcSt11char_traitsIcESaIcEEEblmdSaNS0_14adl_serializerEEESaISA_EEEC2Ev
FN:131,_ZNSaIPN8nlohmann10basic_jsonISt3mapSt6vectorNSt7__cxx1112basic_stringIcSt11char_traitsIcESaIcEEEblmdSaNS_14adl_serializerEEEEC2Ev
FN:131,_ZNSaISt3mapINSt7__cxx1112basic_stringIcSt11char_traitsIcESaIcEEEN8nlohmann10basic_jsonIS_St6vectorS5_blmdSaNS6_14adl_serializerEEESt4lessIvESaISt4pairIKS5_SA_EEEEC2Ev
FN:131,_ZNSaIP6SensorEC2Ev
FN:131,_ZNSaImEC2Ev
FN:131,_ZNSaIN8nlohmann6detail20input_stream_adapterEEC2Ev
FN:131,_ZNSaIdEC2Ev
FN:131,_ZNSaISt13_Rb_tree_nodeISt4pairIKNSt7__cxx1112basic_stringIcSt11char_traitsIcESaIcEEEN8nlohmann10basic_jsonISt3mapSt6vectorS6_blmdSaNS8_14adl_serializerEEEEEEC2Ev
FN:131,_ZNSaINSt7__cxx1112basic_stringIcSt11char_traitsIcESaIcEEEEC2Ev
FN:131,_ZNSaIN8nlohmann10basic_jsonISt3mapSt6vectorNSt7__cxx1112basic_stringIcSt11char_traitsIcESaIcEEEblmdSaNS_14adl_serializerEEEEC2Ev
FN:133,_ZNSaISt13_Rb_tree_nodeISt4pairIKNSt7__cxx1112basic_stringIcSt11char_traitsIcESaIcEEEN8nlohmann10basic_jsonISt3mapSt6vectorS6_blmdSaNS8_14adl_serializerEEEEEEC2ERKSG_
FN:133,_ZNSaIN8nlohmann10basic_jsonISt3mapSt6vectorNSt7__cxx1112basic_stringIcSt11char_traitsIcESaIcEEEblmdSaNS_14adl_serializerEEEEC2ERKSB_
FN:133,_ZNSaIN8nlohmann6detail20input_stream_adapterEEC2ERKS2_
FN:137,_ZNSaISt23_Sp_counted_ptr_inplaceIN8nlohmann6detail20input_stream_adapterESaIS2_ELN9__gnu_cxx12_Lock_policyE2EEEC2IS2_EERKSaIT_E
FN:139,_ZNSaISt23_Sp_counted_ptr_inplaceIN8nlohmann6detail20input_stream_adapterESaIS2_ELN9__gnu_cxx12_Lock_policyE2EEED2Ev
FN:139,_ZNSaIN8nlohmann10basic_jsonISt3mapSt6vectorNSt7__cxx1112basic_stringIcSt11char_traitsIcESaIcEEEblmdSaNS_14adl_serializerEEEED2Ev
FN:139,_ZNSaIdED2Ev
FN:139,_ZNSaINSt7__cxx1112basic_stringIcSt11char_traitsIcESaIcEEEED2Ev
FN:139,_ZNSaIP6SensorED2Ev
FN:139,_ZNSaISt13_Rb_tree_nodeISt4pairIKNSt7__cxx1112basic_stringIcSt11char_traitsIcESaIcEEEN8nlohmann10basic_jsonISt3mapSt6vectorS6_blmdSaNS8_14adl_serializerEEEEEED2Ev
FN:139,_ZNSaISt3mapINSt7__cxx1112basic_stringIcSt11char_traitsIcESaIcEEEN8nlohmann10basic_jsonIS_St6vectorS5_blmdSaNS6_14adl_serializerEEESt4lessIvESaISt4pairIKS5_SA_EEEED2Ev
FN:139,_ZNSaISt6vectorIN8nlohmann10basic_jsonISt3mapS_NSt7__cxx1112basic_stringIcSt11char_traitsIcESaIcEEEblmdSaNS0_14adl_serializerEEESaISA_EEED2Ev
FN:139,_ZNSaIN8nlohmann6detail20input_stream_adapterEED2Ev
FN:139,_ZNSaIPN8nlohmann10basic_jsonISt3mapSt6vectorNSt7__cxx1112basic_stringIcSt11char_traitsIcESaIcEEEblmdSaNS_14adl_serializerEEEED2Ev
FN:139,_ZNSaImED2Ev
FNDA:1,_ZNSaIN8nlohmann10basic_jsonISt3mapSt6vectorNSt7__cxx1112basic_stringIcSt11char_traitsIcESaIcEEEblmdSaNS_14adl_serializerEEEEC2Ev
FNDA:664,_ZNSaISt13_Rb_tree_nodeISt4pairIKNSt7__cxx1112basic_stringIcSt11char_traitsIcESaIcEEEN8nlohmann10basic_jsonISt3mapSt6vectorS6_blmdSaNS8_14adl_serializerEEEEEEC2Ev
FNDA:1,_ZNSaImEC2Ev
FNDA:1,_ZNSaIPN8nlohmann10basic_jsonISt3mapSt6vectorNSt7__cxx1112basic_stringIcSt11char_traitsIcESaIcEEEblmdSaNS_14adl_serializerEEEEC2Ev
FNDA:3,_ZNSaIdEC2Ev
FNDA:2,_ZNSaIP6SensorEC2Ev
FNDA:10624,_ZNSaINSt7__cxx1112basic_stringIcSt11char_traitsIcESaIcEEEEC2Ev
FNDA:2,_ZNSaISt6vectorIN8nlohmann10basic_jsonISt3mapS_NSt7__cxx1112basic_stringIcSt11char_traitsIcESaIcEEEblmdSaNS0_14adl_serializerEEESaISA_EEEC2Ev
FNDA:2656,_ZNSaISt3mapINSt7__cxx1112basic_stringIcSt11char_traitsIcESaIcEEEN8nlohmann10basic_jsonIS_St6vectorS5_blmdSaNS6_14adl_serializerEEESt4lessIvESaISt4pairIKS5_SA_EEEEC2Ev
FNDA:1,_ZNSaIN8nlohmann6detail20input_stream_adapterEEC2Ev
FNDA:0,_ZNSaIN8nlohmann10basic_jsonISt3mapSt6vectorNSt7__cxx1112basic_stringIcSt11char_traitsIcESaIcEEEblmdSaNS_14adl_serializerEEEEC2ERKSB_
FNDA:664,_ZNSaISt13_Rb_tree_nodeISt4pairIKNSt7__cxx1112basic_stringIcSt11char_traitsIcESaIcEEEN8nlohmann10basic_jsonISt3mapSt6vectorS6_blmdSaNS8_14adl_serializerEEEEEEC2ERKSG_
FNDA:3,_ZNSaIN8nlohmann6detail20input_stream_adapterEEC2ERKS2_
FNDA:2,_ZNSaISt23_Sp_counted_ptr_inplaceIN8nlohmann6detail20input_stream_adapterESaIS2_ELN9__gnu_cxx12_Lock_policyE2EEEC2IS2_EERKSaIT_E
FNDA:1,_ZNSaIN8nlohmann10basic_jsonISt3mapSt6vectorNSt7__cxx1112basic_stringIcSt11char_traitsIcESaIcEEEblmdSaNS_14adl_serializerEEEED2Ev
FNDA:1328,_ZNSaISt13_Rb_tree_nodeISt4pairIKNSt7__cxx1112basic_stringIcSt11char_traitsIcESaIcEEEN8nlohmann10basic_jsonISt3mapSt6vectorS6_blmdSaNS8_14adl_serializerEEEEEED2Ev
FNDA:2,_ZNSaISt23_Sp_counted_ptr_inplaceIN8nlohmann6detail20input_stream_adapterESaIS2_ELN9__gnu_cxx12_Lock_policyE2EEED2Ev
FNDA:1,_ZNSaImED2Ev
FNDA:1,_ZNSaIPN8nlohmann10basic_jsonISt3mapSt6vectorNSt7__cxx1112basic_stringIcSt11char_traitsIcESaIcEEEblmdSaNS_14adl_serializerEEEED2Ev
FNDA:3,_ZNSaIdED2Ev
FNDA:2,_ZNSaIP6SensorED2Ev
FNDA:10624,_ZNSaINSt7__cxx1112basic_stringIcSt11char_traitsIcESaIcEEEED2Ev
FNDA:2,_ZNSaISt6vectorIN8nlohmann10basic_jsonISt3mapS_NSt7__cxx1112basic_stringIcSt11char_traitsIcESaIcEEEblmdSaNS0_14adl_serializerEEESaISA_EEED2Ev
FNDA:2656,_ZNSaISt3mapINSt7__cxx1112basic_stringIcSt11char_traitsIcESaIcEEEN8nlohmann10basic_jsonIS_St6vectorS5_blmdSaNS6_14adl_serializerEEESt4lessIvESaISt4pairIKS5_SA_EEEED2Ev
FNDA:4,_ZNSaIN8nlohmann6detail20input_stream_adapterEED2Ev
FNF:25
FNH:24
DA:131,13955
DA:133,667
DA:134,667
DA:137,2
DA:139,14624
LF:5
LH:5
end_of_record
SF:/usr/include/c++/7/bits/basic_string.h
FN:139,_ZNSt7__cxx1112basic_stringIcSt11char_traitsIcESaIcEE12_Alloc_hiderD2Ev
FN:232,_ZNSt7__cxx1112basic_stringIcSt11char_traitsIcESaIcEE16_M_construct_auxIPcEEvT_S7_St12__false_type
FN:252,_ZNSt7__cxx1112basic_stringIcSt11char_traitsIcESaIcEE12_M_constructIPcEEvT_S7_
FN:604,_ZNSt7__cxx1112basic_stringIcSt11char_traitsIcESaIcEEC2IPcvEET_S7_RKS3_
FN:5941,_ZStplIcSt11char_traitsIcESaIcEENSt7__cxx1112basic_stringIT_T0_T1_EEOS8_RKS8_
FN:5953,_ZStplIcSt11char_traitsIcESaIcEENSt7__cxx1112basic_stringIT_T0_T1_EEOS8_S9_
FN:5965,_ZStplIcSt11char_traitsIcESaIcEENSt7__cxx1112basic_stringIT_T0_T1_EEPKS5_OS8_
FN:5977,_ZStplIcSt11char_traitsIcESaIcEENSt7__cxx1112basic_stringIT_T0_T1_EEOS8_PKS5_
FN:6082,_ZStltIcSt11char_traitsIcESaIcEEbRKNSt7__cxx1112basic_stringIT_T0_T1_EESA_
FN:6402,_ZNSt7__cxx119to_stringEi
FN:6418,_ZNSt7__cxx119to_stringEm
FNDA:0,_ZNSt7__cxx1112basic_stringIcSt11char_traitsIcESaIcEE12_Alloc_hiderD2Ev
FNDA:0,_ZNSt7__cxx1112basic_stringIcSt11char_traitsIcESaIcEE16_M_construct_auxIPcEEvT_S7_St12__false_type
FNDA:0,_ZNSt7__cxx1112basic_stringIcSt11char_traitsIcESaIcEE12_M_constructIPcEEvT_S7_
FNDA:0,_ZNSt7__cxx1112basic_stringIcSt11char_traitsIcESaIcEEC2IPcvEET_S7_RKS3_
FNDA:0,_ZStplIcSt11char_traitsIcESaIcEENSt7__cxx1112basic_stringIT_T0_T1_EEOS8_RKS8_
FNDA:0,_ZStplIcSt11char_traitsIcESaIcEENSt7__cxx1112basic_stringIT_T0_T1_EEOS8_S9_
FNDA:0,_ZStplIcSt11char_traitsIcESaIcEENSt7__cxx1112basic_stringIT_T0_T1_EEPKS5_OS8_
FNDA:0,_ZStplIcSt11char_traitsIcESaIcEENSt7__cxx1112basic_stringIT_T0_T1_EEOS8_PKS5_
FNDA:173304,_ZStltIcSt11char_traitsIcESaIcEEbRKNSt7__cxx1112basic_stringIT_T0_T1_EESA_
FNDA:0,_ZNSt7__cxx119to_stringEi
FNDA:0,_ZNSt7__cxx119to_stringEm
FNF:11
FNH:1
DA:139,0
DA:232,0
DA:236,0
DA:237,0
DA:252,0
DA:255,0
DA:256,0
DA:604,0
DA:606,0
DA:607,0
DA:5941,0
DA:5943,0
DA:5953,0
DA:5956,0
DA:5957,0
DA:5958,0
DA:5959,0
DA:5960,0
DA:5965,0
DA:5967,0
DA:5977,0
DA:5979,0
DA:6082,173304
DA:6085,173304
DA:6402,0
DA:6404,0
DA:6418,0
DA:6421,0
LF:28
LH:2
end_of_record
SF:/usr/include/c++/7/bits/basic_string.tcc
FN:206,_ZNSt7__cxx1112basic_stringIcSt11char_traitsIcESaIcEE12_M_constructIPcEEvT_S7_St20forward_iterator_tag
FN:1157,_ZStplIcSt11char_traitsIcESaIcEENSt7__cxx1112basic_stringIT_T0_T1_EEPKS5_RKS8_
FNDA:49136,_ZNSt7__cxx1112basic_stringIcSt11char_traitsIcESaIcEE12_M_constructIPcEEvT_S7_St20forward_iterator_tag
FNDA:0,_ZStplIcSt11char_traitsIcESaIcEENSt7__cxx1112basic_stringIT_T0_T1_EEPKS5_RKS8_
FNF:2
FNH:1
DA:206,49136
DA:211,49136
DA:212,0
DA:215,49136
DA:217,49136
DA:219,41168
DA:220,41168
DA:225,49136
DA:226,0
DA:228,0
DA:229,0
DA:232,49136
DA:233,49136
DA:1157,0
DA:1163,0
DA:1164,0
DA:1165,0
DA:1166,0
DA:1167,0
DA:1168,0
LF:20
LH:9
end_of_record
SF:/usr/include/c++/7/bits/char_traits.h
FN:314,_ZNSt11char_traitsIcE6lengthEPKc
FN:362,_ZNSt11char_traitsIcE12to_char_typeERKi
FN:376,_ZNSt11char_traitsIcE3eofEv
FNDA:0,_ZNSt11char_traitsIcE6lengthEPKc
FNDA:1447225,_ZNSt11char_traitsIcE12to_char_typeERKi
FNDA:838157,_ZNSt11char_traitsIcE3eofEv
FNF:3
FNH:2
DA:314,0
DA:320,0
DA:362,1447225
DA:363,1447225
DA:376,838157
DA:377,838157
LF:6
LH:4
end_of_record
SF:/usr/include/c++/7/bits/cpp_type_traits.h
FN:408,_ZSt12__miter_baseIN9__gnu_cxx17__normal_iteratorIPN8nlohmann10basic_jsonISt3mapSt6vectorNSt7__cxx1112basic_stringIcSt11char_traitsIcESaIcEEEblmdSaNS2_14adl_serializerEEES5_ISD_SaISD_EEEEET_SI_
FN:408,_ZSt12__miter_baseIPdET_S1_
FN:408,_ZSt12__miter_baseISt13_Bit_iteratorET_S1_
FN:408,_ZSt12__miter_baseIPmET_S1_
FN:408,_ZSt12__miter_baseIPcET_S1_
FN:408,_ZSt12__miter_baseIPP6SensorET_S3_
FN:408,_ZSt12__miter_baseIPPN8nlohmann10basic_jsonISt3mapSt6vectorNSt7__cxx1112basic_stringIcSt11char_traitsIcESaIcEEEblmdSaNS0_14adl_serializerEEEET_SE_
FN:408,_ZSt12__miter_baseISt19_Bit_const_iteratorET_S1_
FNDA:8,_ZSt12__miter_baseIPPN8nlohmann10basic_jsonISt3mapSt6vectorNSt7__cxx1112basic_stringIcSt11char_traitsIcESaIcEEEblmdSaNS0_14adl_serializerEEEET_SE_
FNDA:0,_ZSt12__miter_baseIN9__gnu_cxx17__normal_iteratorIPN8nlohmann10basic_jsonISt3mapSt6vectorNSt7__cxx1112basic_stringIcSt11char_traitsIcESaIcEEEblmdSaNS2_14adl_serializerEEES5_ISD_SaISD_EEEEET_SI_
FNDA:28,_ZSt12__miter_baseIPcET_S1_
FNDA:132,_ZSt12__miter_baseIPdET_S1_
FNDA:88,_ZSt12__miter_baseIPP6SensorET_S3_
FNDA:2,_ZSt12__miter_baseISt19_Bit_const_iteratorET_S1_
FNDA:2,_ZSt12__miter_baseIPmET_S1_
FNDA:2,_ZSt12__miter_baseISt13_Bit_iteratorET_S1_
FNF:8
FNH:7
DA:408,262
DA:409,262
LF:2
LH:2
end_of_record
SF:/usr/include/c++/7/bits/exception.h
FN:60,_ZNSt9exceptionC2ERKS_
FN:63,_ZNSt9exceptionC2Ev
FNDA:0,_ZNSt9exceptionC2ERKS_
FNDA:0,_ZNSt9exceptionC2Ev
FNF:2
FNH:0
DA:60,0
DA:63,0
LF:2
LH:0
end_of_record
SF:/usr/include/c++/7/bits/move.h
FN:47,_ZSt11__addressofIN8nlohmann10basic_jsonISt3mapSt6vectorNSt7__cxx1112basic_stringIcSt11char_traitsIcESaIcEEEblmdSaNS0_14adl_serializerEEEEPT_RSC_
FN:47,_ZSt11__addressofISaISt23_Sp_counted_ptr_inplaceIN8nlohmann6detail20input_stream_adapterESaIS3_ELN9__gnu_cxx12_Lock_policyE2EEEEPT_RS9_
FN:47,_ZSt11__addressofImEPT_RS0_
FN:73,_ZSt7forwardIRPSt13_Rb_tree_nodeISt4pairIKNSt7__cxx1112basic_stringIcSt11char_traitsIcESaIcEEEN8nlohmann10basic_jsonISt3mapSt6vectorS7_blmdSaNS9_14adl_serializerEEEEEEOT_RNSt16remove_referenceISJ_E4typeE
FN:73,_ZSt7forwardIRA1_KcEOT_RNSt16remove_referenceIS3_E4typeE
FN:73,_ZSt7forwardIRPN8nlohmann10basic_jsonISt3mapSt6vectorNSt7__cxx1112basic_stringIcSt11char_traitsIcESaIcEEEblmdSaNS0_14adl_serializerEEEEOT_RNSt16remove_referenceISE_E4typeE
FN:73,_ZSt7forwardIRKZN8nlohmann10basic_jsonISt3mapSt6vectorNSt7__cxx1112basic_stringIcSt11char_traitsIcESaIcEEEblmdSaNS0_14adl_serializerEE6createIS2_IS9_SB_St4lessIvESaISt4pairIKS9_SB_EEEJEEEPT_DpOT0_EUlPSJ_E_EOSK_RNSt16remove_referenceISK_E4typeE
FN:73,_ZSt7forwardIRKNSt7__cxx1112basic_stringIcSt11char_traitsIcESaIcEEEEOT_RNSt16remove_referenceIS8_E4typeE
FN:73,_ZSt7forwardIRPSt6vectorIN8nlohmann10basic_jsonISt3mapS0_NSt7__cxx1112basic_stringIcSt11char_traitsIcESaIcEEEblmdSaNS1_14adl_serializerEEESaISB_EEEOT_RNSt16remove_referenceISG_E4typeE
FN:73,_ZSt7forwardIcEOT_RNSt16remove_referenceIS0_E4typeE
FN:73,_ZSt7forwardIiEOT_RNSt16remove_referenceIS0_E4typeE
FN:73,_ZSt7forwardIRlEOT_RNSt16remove_referenceIS1_E4typeE
FN:73,_ZSt7forwardIRbEOT_RNSt16remove_referenceIS1_E4typeE
FN:73,_ZSt7forwardIPN8nlohmann10basic_jsonISt3mapSt6vectorNSt7__cxx1112basic_stringIcSt11char_traitsIcESaIcEEEblmdSaNS0_14adl_serializerEEEEOT_RNSt16remove_referenceISD_E4typeE
FN:73,_ZSt7forwardIRmEOT_RNSt16remove_referenceIS1_E4typeE
FN:73,_ZSt7forwardIRPSt18_Rb_tree_node_baseEOT_RNSt16remove_referenceIS3_E4typeE
FN:73,_ZSt7forwardIRKN8nlohmann10basic_jsonISt3mapSt6vectorNSt7__cxx1112basic_stringIcSt11char_traitsIcESaIcEEEblmdSaNS0_14adl_serializerEEEEOT_RNSt16remove_referenceISE_E4typeE
FN:73,_ZSt7forwardIDnEOT_RNSt16remove_referenceIS0_E4typeE
FN:73,_ZSt7forwardIRKZN8nlohmann10basic_jsonISt3mapSt6vectorNSt7__cxx1112basic_stringIcSt11char_traitsIcESaIcEEEblmdSaNS0_14adl_serializerEE6createIS2_IS9_SB_St4lessIvESaISt4pairIKS9_SB_EEEJRKSJ_EEEPT_DpOT0_EUlPSJ_E_EOSM_RNSt16remove_referenceISM_E4typeE
FN:73,_ZSt7forwardIRKSt4pairIKNSt7__cxx1112basic_stringIcSt11char_traitsIcESaIcEEEN8nlohmann10basic_jsonISt3mapSt6vectorS6_blmdSaNS8_14adl_serializerEEEEEOT_RNSt16remove_referenceISH_E4typeE
FN:73,_ZSt7forwardIRKSt3mapINSt7__cxx1112basic_stringIcSt11char_traitsIcESaIcEEEN8nlohmann10basic_jsonIS0_St6vectorS6_blmdSaNS7_14adl_serializerEEESt4lessIvESaISt4pairIKS6_SB_EEEEOT_RNSt16remove_referenceISL_E4typeE
FN:73,_ZSt7forwardISt5tupleIJEEEOT_RNSt16remove_referenceIS2_E4typeE
FN:73,_ZSt7forwardIRKZN8nlohmann10basic_jsonISt3mapSt6vectorNSt7__cxx1112basic_stringIcSt11char_traitsIcESaIcEEEblmdSaNS0_14adl_serializerEE6createIS3_ISB_SaISB_EEJEEEPT_DpOT0_EUlPSE_E_EOSF_RNSt16remove_referenceISF_E4typeE
FN:73,_ZSt7forwardIbEOT_RNSt16remove_referenceIS0_E4typeE
FN:73,_ZSt7forwardIRKZN8nlohmann10basic_jsonISt3mapSt6vectorNSt7__cxx1112basic_stringIcSt11char_traitsIcESaIcEEEblmdSaNS0_14adl_serializerEE6createIS9_JRA1_KcEEEPT_DpOT0_EUlPS9_E_EOSG_RNSt16remove_referenceISG_E4typeE
FN:73,_ZSt7forwardIRKPN8nlohmann10basic_jsonISt3mapSt6vectorNSt7__cxx1112basic_stringIcSt11char_traitsIcESaIcEEEblmdSaNS0_14adl_serializerEEEEOT_RNSt16remove_referenceISF_E4typeE
FN:73,_ZSt7forwardIRSiEOT_RNSt16remove_referenceIS1_E4typeE
FN:73,_ZSt7forwardIP6SensorEOT_RNSt16remove_referenceIS2_E4typeE
FN:73,_ZSt7forwardIRdEOT_RNSt16remove_referenceIS1_E4typeE
FN:73,_ZSt7forwardIN8nlohmann10basic_jsonISt3mapSt6vectorNSt7__cxx1112basic_stringIcSt11char_traitsIcESaIcEEEblmdSaNS0_14adl_serializerEEEEOT_RNSt16remove_referenceISC_E4typeE
FN:73,_ZSt7forwardIRN8nlohmann10basic_jsonISt3mapSt6vectorNSt7__cxx1112basic_stringIcSt11char_traitsIcESaIcEEEblmdSaNS0_14adl_serializerEEEEOT_RNSt16remove_referenceISD_E4typeE
FN:73,_ZSt7forwardIN8nlohmann6detail7value_tEEOT_RNSt16remove_referenceIS3_E4typeE
FN:73,_ZSt7forwardIRNSt7__cxx1112basic_stringIcSt11char_traitsIcESaIcEEEEOT_RNSt16remove_referenceIS7_E4typeE
FN:73,_ZSt7forwardIdEOT_RNSt16remove_referenceIS0_E4typeE
FN:73,_ZSt7forwardIRPSt3mapINSt7__cxx1112basic_stringIcSt11char_traitsIcESaIcEEEN8nlohmann10basic_jsonIS0_St6vectorS6_blmdSaNS7_14adl_serializerEEESt4lessIvESaISt4pairIKS6_SB_EEEEOT_RNSt16remove_referenceISL_E4typeE
FN:73,_ZSt7forwardIRPNSt7__cxx1112basic_stringIcSt11char_traitsIcESaIcEEEEOT_RNSt16remove_referenceIS8_E4typeE
FN:73,_ZSt7forwardIRKSt6vectorIN8nlohmann10basic_jsonISt3mapS0_NSt7__cxx1112basic_stringIcSt11char_traitsIcESaIcEEEblmdSaNS1_14adl_serializerEEESaISB_EEEOT_RNSt16remove_referenceISG_E4typeE
FN:73,_ZSt7forwardIRKZN8nlohmann10basic_jsonISt3mapSt6vectorNSt7__cxx1112basic_stringIcSt11char_traitsIcESaIcEEEblmdSaNS0_14adl_serializerEE6createIS9_JRKS9_EEEPT_DpOT0_EUlPS9_E_EOSF_RNSt16remove_referenceISF_E4typeE
FN:73,_ZSt7forwardIRKZN8nlohmann10basic_jsonISt3mapSt6vectorNSt7__cxx1112basic_stringIcSt11char_traitsIcESaIcEEEblmdSaNS0_14adl_serializerEE6createIS3_ISB_SaISB_EEJRKSE_EEEPT_DpOT0_EUlPSE_E_EOSH_RNSt16remove_referenceISH_E4typeE
FN:73,_ZSt7forwardIRKSt21piecewise_construct_tEOT_RNSt16remove_referenceIS3_E4typeE
FN:73,_ZSt7forwardISt5tupleIJRKNSt7__cxx1112basic_stringIcSt11char_traitsIcESaIcEEEEEEOT_RNSt16remove_referenceISA_E4typeE
FN:73,_ZSt7forwardIN8nlohmann6detail6parserINS0_10basic_jsonISt3mapSt6vectorNSt7__cxx1112basic_stringIcSt11char_traitsIcESaIcEEEblmdSaNS0_14adl_serializerEEEE13parse_event_tEEOT_RNSt16remove_referenceISG_E4typeE
FN:98,_ZSt4moveIRSt10shared_ptrIN8nlohmann6detail20input_stream_adapterEEEONSt16remove_referenceIT_E4typeEOS7_
FN:98,_ZSt4moveIRdEONSt16remove_referenceIT_E4typeEOS2_
FN:98,_ZSt4moveIRSt10shared_ptrIN8nlohmann6detail22input_adapter_protocolEEEONSt16remove_referenceIT_E4typeEOS7_
FN:98,_ZSt4moveIRNSt7__cxx1112basic_stringIcSt11char_traitsIcESaIcEEEEONSt16remove_referenceIT_E4typeEOS8_
FN:98,_ZSt4moveIRP6SensorEONSt16remove_referenceIT_E4typeEOS4_
FN:98,_ZSt4moveIRcEONSt16remove_referenceIT_E4typeEOS2_
FN:98,_ZSt4moveIRN8nlohmann10basic_jsonISt3mapSt6vectorNSt7__cxx1112basic_stringIcSt11char_traitsIcESaIcEEEblmdSaNS0_14adl_serializerEEEEONSt16remove_referenceIT_E4typeEOSE_
FN:98,_ZSt4moveIRPN8nlohmann10basic_jsonISt3mapSt6vectorNSt7__cxx1112basic_stringIcSt11char_traitsIcESaIcEEEblmdSaNS0_14adl_serializerEEEEONSt16remove_referenceIT_E4typeEOSF_
FN:98,_ZSt4moveIRN8nlohmann10basic_jsonISt3mapSt6vectorNSt7__cxx1112basic_stringIcSt11char_traitsIcESaIcEEEblmdSaNS0_14adl_serializerEE10json_valueEEONSt16remove_referenceIT_E4typeEOSF_
FN:98,_ZSt4moveIRKSaIN8nlohmann6detail20input_stream_adapterEEEONSt16remove_referenceIT_E4typeEOS7_
FN:98,_ZSt4moveIRN8nlohmann6detail7value_tEEONSt16remove_referenceIT_E4typeEOS5_
FN:187,_ZSt4swapIN8nlohmann6detail7value_tEENSt9enable_ifIXsrSt6__and_IJSt6__not_ISt15__is_tuple_likeIT_EESt21is_move_constructibleIS7_ESt18is_move_assignableIS7_EEE5valueEvE4typeERS7_SH_
FN:187,_ZSt4swapIN8nlohmann10basic_jsonISt3mapSt6vectorNSt7__cxx1112basic_stringIcSt11char_traitsIcESaIcEEEblmdSaNS0_14adl_serializerEE10json_valueEENSt9enable_ifIXsrSt6__and_IJSt6__not_ISt15__is_tuple_likeIT_EESt21is_move_constructibleISH_ESt18is_move_assignableISH_EEE5valueEvE4typeERSH_SR_
FNDA:2710,_ZSt11__addressofIN8nlohmann10basic_jsonISt3mapSt6vectorNSt7__cxx1112basic_stringIcSt11char_traitsIcESaIcEEEblmdSaNS0_14adl_serializerEEEEPT_RSC_
FNDA:2,_ZSt11__addressofISaISt23_Sp_counted_ptr_inplaceIN8nlohmann6detail20input_stream_adapterESaIS3_ELN9__gnu_cxx12_Lock_policyE2EEEEPT_RS9_
FNDA:666,_ZSt11__addressofImEPT_RS0_
FNDA:664,_ZSt7forwardIRPSt13_Rb_tree_nodeISt4pairIKNSt7__cxx1112basic_stringIcSt11char_traitsIcESaIcEEEN8nlohmann10basic_jsonISt3mapSt6vectorS7_blmdSaNS9_14adl_serializerEEEEEEOT_RNSt16remove_referenceISJ_E4typeE
FNDA:0,_ZSt7forwardIRPN8nlohmann10basic_jsonISt3mapSt6vectorNSt7__cxx1112basic_stringIcSt11char_traitsIcESaIcEEEblmdSaNS0_14adl_serializerEEEEOT_RNSt16remove_referenceISE_E4typeE
FNDA:23246,_ZSt7forwardIRPSt18_Rb_tree_node_baseEOT_RNSt16remove_referenceIS3_E4typeE
FNDA:0,_ZSt7forwardIRKPN8nlohmann10basic_jsonISt3mapSt6vectorNSt7__cxx1112basic_stringIcSt11char_traitsIcESaIcEEEblmdSaNS0_14adl_serializerEEEEOT_RNSt16remove_referenceISF_E4typeE
FNDA:0,_ZSt7forwardIRN8nlohmann10basic_jsonISt3mapSt6vectorNSt7__cxx1112basic_stringIcSt11char_traitsIcESaIcEEEblmdSaNS0_14adl_serializerEEEEOT_RNSt16remove_referenceISD_E4typeE
FNDA:0,_ZSt7forwardIN8nlohmann6detail6parserINS0_10basic_jsonISt3mapSt6vectorNSt7__cxx1112basic_stringIcSt11char_traitsIcESaIcEEEblmdSaNS0_14adl_serializerEEEE13parse_event_tEEOT_RNSt16remove_referenceISG_E4typeE
FNDA:102950,_ZSt7forwardISt5tupleIJEEEOT_RNSt16remove_referenceIS2_E4typeE
FNDA:102920,_ZSt7forwardISt5tupleIJRKNSt7__cxx1112basic_stringIcSt11char_traitsIcESaIcEEEEEEOT_RNSt16remove_referenceISA_E4typeE
FNDA:102950,_ZSt7forwardIRKSt21piecewise_construct_tEOT_RNSt16remove_referenceIS3_E4typeE
FNDA:1997,_ZSt7forwardIPN8nlohmann10basic_jsonISt3mapSt6vectorNSt7__cxx1112basic_stringIcSt11char_traitsIcESaIcEEEblmdSaNS0_14adl_serializerEEEEOT_RNSt16remove_referenceISD_E4typeE
FNDA:82375,_ZSt7forwardIRdEOT_RNSt16remove_referenceIS1_E4typeE
FNDA:6900,_ZSt7forwardIRmEOT_RNSt16remove_referenceIS1_E4typeE
FNDA:365,_ZSt7forwardIRlEOT_RNSt16remove_referenceIS1_E4typeE
FNDA:0,_ZSt7forwardIRbEOT_RNSt16remove_referenceIS1_E4typeE
FNDA:102920,_ZSt7forwardIRKSt4pairIKNSt7__cxx1112basic_stringIcSt11char_traitsIcESaIcEEEN8nlohmann10basic_jsonISt3mapSt6vectorS6_blmdSaNS8_14adl_serializerEEEEEOT_RNSt16remove_referenceISH_E4typeE
FNDA:0,_ZSt7forwardIRKZN8nlohmann10basic_jsonISt3mapSt6vectorNSt7__cxx1112basic_stringIcSt11char_traitsIcESaIcEEEblmdSaNS0_14adl_serializerEE6createIS9_JRA1_KcEEEPT_DpOT0_EUlPS9_E_EOSG_RNSt16remove_referenceISG_E4typeE
FNDA:3,_ZSt7forwardIRKZN8nlohmann10basic_jsonISt3mapSt6vectorNSt7__cxx1112basic_stringIcSt11char_traitsIcESaIcEEEblmdSaNS0_14adl_serializerEE6createIS3_ISB_SaISB_EEJEEEPT_DpOT0_EUlPSE_E_EOSF_RNSt16remove_referenceISF_E4typeE
FNDA:1992,_ZSt7forwardIRKZN8nlohmann10basic_jsonISt3mapSt6vectorNSt7__cxx1112basic_stringIcSt11char_traitsIcESaIcEEEblmdSaNS0_14adl_serializerEE6createIS2_IS9_SB_St4lessIvESaISt4pairIKS9_SB_EEEJEEEPT_DpOT0_EUlPSJ_E_EOSK_RNSt16remove_referenceISK_E4typeE
FNDA:15936,_ZSt7forwardIRPNSt7__cxx1112basic_stringIcSt11char_traitsIcESaIcEEEEOT_RNSt16remove_referenceIS8_E4typeE
FNDA:3,_ZSt7forwardIRPSt6vectorIN8nlohmann10basic_jsonISt3mapS0_NSt7__cxx1112basic_stringIcSt11char_traitsIcESaIcEEEblmdSaNS1_14adl_serializerEEESaISB_EEEOT_RNSt16remove_referenceISG_E4typeE
FNDA:3984,_ZSt7forwardIRPSt3mapINSt7__cxx1112basic_stringIcSt11char_traitsIcESaIcEEEN8nlohmann10basic_jsonIS0_St6vectorS6_blmdSaNS7_14adl_serializerEEESt4lessIvESaISt4pairIKS6_SB_EEEEOT_RNSt16remove_referenceISL_E4typeE
FNDA:15936,_ZSt7forwardIRKZN8nlohmann10basic_jsonISt3mapSt6vectorNSt7__cxx1112basic_stringIcSt11char_traitsIcESaIcEEEblmdSaNS0_14adl_serializerEE6createIS9_JRKS9_EEEPT_DpOT0_EUlPS9_E_EOSF_RNSt16remove_referenceISF_E4typeE
FNDA:0,_ZSt7forwardIRKZN8nlohmann10basic_jsonISt3mapSt6vectorNSt7__cxx1112basic_stringIcSt11char_traitsIcESaIcEEEblmdSaNS0_14adl_serializerEE6createIS3_ISB_SaISB_EEJRKSE_EEEPT_DpOT0_EUlPSE_E_EOSH_RNSt16remove_referenceISH_E4typeE
FNDA:1992,_ZSt7forwardIRKZN8nlohmann10basic_jsonISt3mapSt6vectorNSt7__cxx1112basic_stringIcSt11char_traitsIcESaIcEEEblmdSaNS0_14adl_serializerEE6createIS2_IS9_SB_St4lessIvESaISt4pairIKS9_SB_EEEJRKSJ_EEEPT_DpOT0_EUlPSJ_E_EOSM_RNSt16remove_referenceISM_E4typeE
FNDA:0,_ZSt7forwardIRA1_KcEOT_RNSt16remove_referenceIS3_E4typeE
FNDA:2584189,_ZSt7forwardIcEOT_RNSt16remove_referenceIS0_E4typeE
FNDA:0,_ZSt7forwardIRKSt6vectorIN8nlohmann10basic_jsonISt3mapS0_NSt7__cxx1112basic_stringIcSt11char_traitsIcESaIcEEEblmdSaNS1_14adl_serializerEEESaISB_EEEOT_RNSt16remove_referenceISG_E4typeE
FNDA:1992,_ZSt7forwardIRKSt3mapINSt7__cxx1112basic_stringIcSt11char_traitsIcESaIcEEEN8nlohmann10basic_jsonIS0_St6vectorS6_blmdSaNS7_14adl_serializerEEESt4lessIvESaISt4pairIKS6_SB_EEEEOT_RNSt16remove_referenceISL_E4typeE
FNDA:13280,_ZSt7forwardIRNSt7__cxx1112basic_stringIcSt11char_traitsIcESaIcEEEEOT_RNSt16remove_referenceIS7_E4typeE
FNDA:6009,_ZSt7forwardIdEOT_RNSt16remove_referenceIS0_E4typeE
FNDA:4006,_ZSt7forwardIP6SensorEOT_RNSt16remove_referenceIS2_E4typeE
FNDA:3984,_ZSt7forwardIRKN8nlohmann10basic_jsonISt3mapSt6vectorNSt7__cxx1112basic_stringIcSt11char_traitsIcESaIcEEEblmdSaNS0_14adl_serializerEEEEOT_RNSt16remove_referenceISE_E4typeE
FNDA:407696,_ZSt7forwardIRKNSt7__cxx1112basic_stringIcSt11char_traitsIcESaIcEEEEOT_RNSt16remove_referenceIS8_E4typeE
FNDA:0,_ZSt7forwardIDnEOT_RNSt16remove_referenceIS0_E4typeE
FNDA:2668,_ZSt7forwardIN8nlohmann6detail7value_tEEOT_RNSt16remove_referenceIS3_E4typeE
FNDA:8,_ZSt7forwardIRSiEOT_RNSt16remove_referenceIS1_E4typeE
FNDA:1023,_ZSt7forwardIN8nlohmann10basic_jsonISt3mapSt6vectorNSt7__cxx1112basic_stringIcSt11char_traitsIcESaIcEEEblmdSaNS0_14adl_serializerEEEEOT_RNSt16remove_referenceISC_E4typeE
FNDA:30,_ZSt7forwardIiEOT_RNSt16remove_referenceIS0_E4typeE
FNDA:0,_ZSt7forwardIbEOT_RNSt16remove_referenceIS0_E4typeE
FNDA:0,_ZSt4moveIRN8nlohmann10basic_jsonISt3mapSt6vectorNSt7__cxx1112basic_stringIcSt11char_traitsIcESaIcEEEblmdSaNS0_14adl_serializerEEEEONSt16remove_referenceIT_E4typeEOSE_
FNDA:665,_ZSt4moveIRPN8nlohmann10basic_jsonISt3mapSt6vectorNSt7__cxx1112basic_stringIcSt11char_traitsIcESaIcEEEblmdSaNS0_14adl_serializerEEEEONSt16remove_referenceIT_E4typeEOSF_
FNDA:861394,_ZSt4moveIRcEONSt16remove_referenceIT_E4typeEOS2_
FNDA:1,_ZSt4moveIRKSaIN8nlohmann6detail20input_stream_adapterEEEONSt16remove_referenceIT_E4typeEOS7_
FNDA:62778,_ZSt4moveIRN8nlohmann6detail7value_tEEONSt16remove_referenceIT_E4typeEOS5_
FNDA:0,_ZSt4moveIRNSt7__cxx1112basic_stringIcSt11char_traitsIcESaIcEEEEONSt16remove_referenceIT_E4typeEOS8_
FNDA:1992,_ZSt4moveIRdEONSt16remove_referenceIT_E4typeEOS2_
FNDA:1328,_ZSt4moveIRP6SensorEONSt16remove_referenceIT_E4typeEOS4_
FNDA:62778,_ZSt4moveIRN8nlohmann10basic_jsonISt3mapSt6vectorNSt7__cxx1112basic_stringIcSt11char_traitsIcESaIcEEEblmdSaNS0_14adl_serializerEE10json_valueEEONSt16remove_referenceIT_E4typeEOSF_
FNDA:1,_ZSt4moveIRSt10shared_ptrIN8nlohmann6detail20input_stream_adapterEEEONSt16remove_referenceIT_E4typeEOS7_
FNDA:3,_ZSt4moveIRSt10shared_ptrIN8nlohmann6detail22input_adapter_protocolEEEONSt16remove_referenceIT_E4typeEOS7_
FNDA:20585,_ZSt4swapIN8nlohmann10basic_jsonISt3mapSt6vectorNSt7__cxx1112basic_stringIcSt11char_traitsIcESaIcEEEblmdSaNS0_14adl_serializerEE10json_valueEENSt9enable_ifIXsrSt6__and_IJSt6__not_ISt15__is_tuple_likeIT_EESt21is_move_constructibleISH_ESt18is_move_assignableISH_EEE5valueEvE4typeERSH_SR_
FNDA:20585,_ZSt4swapIN8nlohmann6detail7value_tEENSt9enable_ifIXsrSt6__and_IJSt6__not_ISt15__is_tuple_likeIT_EESt21is_move_constructibleIS7_ESt18is_move_assignableIS7_EEE5valueEvE4typeERS7_SH_
FNF:55
FNH:42
DA:47,3378
DA:48,3378
DA:73,3592018
DA:74,3592018
DA:98,990940
DA:99,990940
DA:187,41170
DA:198,41170
DA:199,41170
DA:200,41170
DA:201,41170
LF:11
LH:11
end_of_record
SF:/usr/include/c++/7/bits/shared_ptr.h
FN:93,_ZNSt10shared_ptrIN8nlohmann6detail20input_stream_adapterEED2Ev
FN:93,_ZNSt10shared_ptrIN8nlohmann6detail22input_adapter_protocolEED2Ev
FN:119,_ZNSt10shared_ptrIN8nlohmann6detail22input_adapter_protocolEEC2ERKS3_
FN:244,_ZNSt10shared_ptrIN8nlohmann6detail22input_adapter_protocolEEC2EOS3_
FN:253,_ZNSt10shared_ptrIN8nlohmann6detail22input_adapter_protocolEEC2INS1_20input_stream_adapterEvEEOS_IT_E
FN:342,_ZNSt10shared_ptrIN8nlohmann6detail20input_stream_adapterEEC2ISaIS2_EJRSiEEESt19_Sp_make_shared_tagRKT_DpOT0_
FN:688,_ZSt15allocate_sharedIN8nlohmann6detail20input_stream_adapterESaIS2_EJRSiEESt10shared_ptrIT_ERKT0_DpOT1_
FN:703,_ZSt11make_sharedIN8nlohmann6detail20input_stream_adapterEJRSiEESt10shared_ptrIT_EDpOT0_
FNDA:1,_ZNSt10shared_ptrIN8nlohmann6detail20input_stream_adapterEED2Ev
FNDA:3,_ZNSt10shared_ptrIN8nlohmann6detail22input_adapter_protocolEED2Ev
FNDA:1,_ZNSt10shared_ptrIN8nlohmann6detail22input_adapter_protocolEEC2ERKS3_
FNDA:1,_ZNSt10shared_ptrIN8nlohmann6detail22input_adapter_protocolEEC2EOS3_
FNDA:1,_ZNSt10shared_ptrIN8nlohmann6detail22input_adapter_protocolEEC2INS1_20input_stream_adapterEvEEOS_IT_E
FNDA:1,_ZNSt10shared_ptrIN8nlohmann6detail20input_stream_adapterEEC2ISaIS2_EJRSiEEESt19_Sp_make_shared_tagRKT_DpOT0_
FNDA:1,_ZSt15allocate_sharedIN8nlohmann6detail20input_stream_adapterESaIS2_EJRSiEESt10shared_ptrIT_ERKT0_DpOT1_
FNDA:1,_ZSt11make_sharedIN8nlohmann6detail20input_stream_adapterEJRSiEESt10shared_ptrIT_EDpOT0_
FNF:8
FNH:8
DA:93,4
DA:119,1
DA:244,1
DA:245,1
DA:253,1
DA:254,1
DA:342,1
DA:344,1
DA:345,1
DA:688,1
DA:691,1
DA:703,1
DA:707,1
LF:13
LH:13
end_of_record
SF:/usr/include/c++/7/bits/shared_ptr_base.h
FN:116,_ZNSt16_Sp_counted_baseILN9__gnu_cxx12_Lock_policyE2EEC2Ev
FN:120,_ZNSt16_Sp_counted_baseILN9__gnu_cxx12_Lock_policyE2EED0Ev
FN:120,_ZNSt16_Sp_counted_baseILN9__gnu_cxx12_Lock_policyE2EED2Ev
FN:130,_ZNSt16_Sp_counted_baseILN9__gnu_cxx12_Lock_policyE2EE10_M_destroyEv
FN:137,_ZNSt16_Sp_counted_baseILN9__gnu_cxx12_Lock_policyE2EE15_M_add_ref_copyEv
FN:147,_ZNSt16_Sp_counted_baseILN9__gnu_cxx12_Lock_policyE2EE10_M_releaseEv
FN:411,_ZNSt14_Sp_ebo_helperILi0ESaIN8nlohmann6detail20input_stream_adapterEELb1EED2Ev
FN:413,_ZNSt14_Sp_ebo_helperILi0ESaIN8nlohmann6detail20input_stream_adapterEELb1EEC2ERKS3_
FN:417,_ZNSt14_Sp_ebo_helperILi0ESaIN8nlohmann6detail20input_stream_adapterEELb1EE6_S_getERS4_
FN:505,_ZNSt23_Sp_counted_ptr_inplaceIN8nlohmann6detail20input_stream_adapterESaIS2_ELN9__gnu_cxx12_Lock_policyE2EE5_ImplD2Ev
FN:510,_ZNSt23_Sp_counted_ptr_inplaceIN8nlohmann6detail20input_stream_adapterESaIS2_ELN9__gnu_cxx12_Lock_policyE2EE5_ImplC2ES3_
FN:512,_ZNSt23_Sp_counted_ptr_inplaceIN8nlohmann6detail20input_stream_adapterESaIS2_ELN9__gnu_cxx12_Lock_policyE2EE5_Impl8_M_allocEv
FN:521,_ZNSt23_Sp_counted_ptr_inplaceIN8nlohmann6detail20input_stream_adapterESaIS2_ELN9__gnu_cxx12_Lock_policyE2EEC2IJRSiEEES3_DpOT_
FN:530,_ZNSt23_Sp_counted_ptr_inplaceIN8nlohmann6detail20input_stream_adapterESaIS2_ELN9__gnu_cxx12_Lock_policyE2EED0Ev
FN:530,_ZNSt23_Sp_counted_ptr_inplaceIN8nlohmann6detail20input_stream_adapterESaIS2_ELN9__gnu_cxx12_Lock_policyE2EED2Ev
FN:533,_ZNSt23_Sp_counted_ptr_inplaceIN8nlohmann6detail20input_stream_adapterESaIS2_ELN9__gnu_cxx12_Lock_policyE2EE10_M_disposeEv
FN:540,_ZNSt23_Sp_counted_ptr_inplaceIN8nlohmann6detail20input_stream_adapterESaIS2_ELN9__gnu_cxx12_Lock_policyE2EE10_M_destroyEv
FN:549,_ZNSt23_Sp_counted_ptr_inplaceIN8nlohmann6detail20input_stream_adapterESaIS2_ELN9__gnu_cxx12_Lock_policyE2EE14_M_get_deleterERKSt9type_info
FN:559,_ZNSt23_Sp_counted_ptr_inplaceIN8nlohmann6detail20input_stream_adapterESaIS2_ELN9__gnu_cxx12_Lock_policyE2EE6_M_ptrEv
FN:575,_ZNSt14__shared_countILN9__gnu_cxx12_Lock_policyE2EEC2Ev
FN:629,_ZNSt14__shared_countILN9__gnu_cxx12_Lock_policyE2EEC2IN8nlohmann6detail20input_stream_adapterESaIS6_EJRSiEEESt19_Sp_make_shared_tagPT_RKT0_DpOT1_
FN:681,_ZNSt14__shared_countILN9__gnu_cxx12_Lock_policyE2EED2Ev
FN:687,_ZNSt14__shared_countILN9__gnu_cxx12_Lock_policyE2EEC2ERKS2_
FN:710,_ZNSt14__shared_countILN9__gnu_cxx12_Lock_policyE2EE7_M_swapERS2_
FN:726,_ZNKSt14__shared_countILN9__gnu_cxx12_Lock_policyE2EE14_M_get_deleterERKSt9type_info
FN:966,_ZNKSt19__shared_ptr_accessIN8nlohmann6detail22input_adapter_protocolELN9__gnu_cxx12_Lock_policyE2ELb0ELb0EEptEv
FN:974,_ZNKSt19__shared_ptr_accessIN8nlohmann6detail22input_adapter_protocolELN9__gnu_cxx12_Lock_policyE2ELb0ELb0EE6_M_getEv
FN:1121,_ZNSt12__shared_ptrIN8nlohmann6detail22input_adapter_protocolELN9__gnu_cxx12_Lock_policyE2EEC2ERKS5_
FN:1123,_ZNSt12__shared_ptrIN8nlohmann6detail22input_adapter_protocolELN9__gnu_cxx12_Lock_policyE2EED2Ev
FN:1123,_ZNSt12__shared_ptrIN8nlohmann6detail20input_stream_adapterELN9__gnu_cxx12_Lock_policyE2EED2Ev
FN:1130,_ZNSt12__shared_ptrIN8nlohmann6detail22input_adapter_protocolELN9__gnu_cxx12_Lock_policyE2EEC2EOS5_
FN:1138,_ZNSt12__shared_ptrIN8nlohmann6detail22input_adapter_protocolELN9__gnu_cxx12_Lock_policyE2EEC2INS1_20input_stream_adapterEvEEOS_IT_LS4_2EE
FN:1257,_ZNKSt12__shared_ptrIN8nlohmann6detail22input_adapter_protocolELN9__gnu_cxx12_Lock_policyE2EE3getEv
FN:1292,_ZNSt12__shared_ptrIN8nlohmann6detail20input_stream_adapterELN9__gnu_cxx12_Lock_policyE2EEC2ISaIS2_EJRSiEEESt19_Sp_make_shared_tagRKT_DpOT0_
FN:1378,_ZNSt12__shared_ptrIN8nlohmann6detail20input_stream_adapterELN9__gnu_cxx12_Lock_policyE2EE31_M_enable_shared_from_this_withIS2_S2_EENSt9enable_ifIXntsrNS5_15__has_esft_baseIT0_vEE5valueEvE4typeEPT_
FNDA:1,_ZNSt16_Sp_counted_baseILN9__gnu_cxx12_Lock_policyE2EEC2Ev
FNDA:0,_ZNSt16_Sp_counted_baseILN9__gnu_cxx12_Lock_policyE2EED0Ev
FNDA:1,_ZNSt16_Sp_counted_baseILN9__gnu_cxx12_Lock_policyE2EED2Ev
FNDA:0,_ZNSt16_Sp_counted_baseILN9__gnu_cxx12_Lock_policyE2EE10_M_destroyEv
FNDA:1,_ZNSt16_Sp_counted_baseILN9__gnu_cxx12_Lock_policyE2EE15_M_add_ref_copyEv
FNDA:2,_ZNSt16_Sp_counted_baseILN9__gnu_cxx12_Lock_policyE2EE10_M_releaseEv
FNDA:1,_ZNSt14_Sp_ebo_helperILi0ESaIN8nlohmann6detail20input_stream_adapterEELb1EED2Ev
FNDA:1,_ZNSt14_Sp_ebo_helperILi0ESaIN8nlohmann6detail20input_stream_adapterEELb1EEC2ERKS3_
FNDA:2,_ZNSt14_Sp_ebo_helperILi0ESaIN8nlohmann6detail20input_stream_adapterEELb1EE6_S_getERS4_
FNDA:1,_ZNSt23_Sp_counted_ptr_inplaceIN8nlohmann6detail20input_stream_adapterESaIS2_ELN9__gnu_cxx12_Lock_policyE2EE5_ImplD2Ev
FNDA:1,_ZNSt23_Sp_counted_ptr_inplaceIN8nlohmann6detail20input_stream_adapterESaIS2_ELN9__gnu_cxx12_Lock_policyE2EE5_ImplC2ES3_
FNDA:2,_ZNSt23_Sp_counted_ptr_inplaceIN8nlohmann6detail20input_stream_adapterESaIS2_ELN9__gnu_cxx12_Lock_policyE2EE5_Impl8_M_allocEv
FNDA:1,_ZNSt23_Sp_counted_ptr_inplaceIN8nlohmann6detail20input_stream_adapterESaIS2_ELN9__gnu_cxx12_Lock_policyE2EEC2IJRSiEEES3_DpOT_
FNDA:0,_ZNSt23_Sp_counted_ptr_inplaceIN8nlohmann6detail20input_stream_adapterESaIS2_ELN9__gnu_cxx12_Lock_policyE2EED0Ev
FNDA:1,_ZNSt23_Sp_counted_ptr_inplaceIN8nlohmann6detail20input_stream_adapterESaIS2_ELN9__gnu_cxx12_Lock_policyE2EED2Ev
FNDA:1,_ZNSt23_Sp_counted_ptr_inplaceIN8nlohmann6detail20input_stream_adapterESaIS2_ELN9__gnu_cxx12_Lock_policyE2EE10_M_disposeEv
FNDA:1,_ZNSt23_Sp_counted_ptr_inplaceIN8nlohmann6detail20input_stream_adapterESaIS2_ELN9__gnu_cxx12_Lock_policyE2EE10_M_destroyEv
FNDA:1,_ZNSt23_Sp_counted_ptr_inplaceIN8nlohmann6detail20input_stream_adapterESaIS2_ELN9__gnu_cxx12_Lock_policyE2EE14_M_get_deleterERKSt9type_info
FNDA:3,_ZNSt23_Sp_counted_ptr_inplaceIN8nlohmann6detail20input_stream_adapterESaIS2_ELN9__gnu_cxx12_Lock_policyE2EE6_M_ptrEv
FNDA:2,_ZNSt14__shared_countILN9__gnu_cxx12_Lock_policyE2EEC2Ev
FNDA:1,_ZNSt14__shared_countILN9__gnu_cxx12_Lock_policyE2EEC2IN8nlohmann6detail20input_stream_adapterESaIS6_EJRSiEEESt19_Sp_make_shared_tagPT_RKT0_DpOT1_
FNDA:4,_ZNSt14__shared_countILN9__gnu_cxx12_Lock_policyE2EED2Ev
FNDA:1,_ZNSt14__shared_countILN9__gnu_cxx12_Lock_policyE2EEC2ERKS2_
FNDA:2,_ZNSt14__shared_countILN9__gnu_cxx12_Lock_policyE2EE7_M_swapERS2_
FNDA:1,_ZNKSt14__shared_countILN9__gnu_cxx12_Lock_policyE2EE14_M_get_deleterERKSt9type_info
FNDA:802298,_ZNKSt19__shared_ptr_accessIN8nlohmann6detail22input_adapter_protocolELN9__gnu_cxx12_Lock_policyE2ELb0ELb0EEptEv
FNDA:802298,_ZNKSt19__shared_ptr_accessIN8nlohmann6detail22input_adapter_protocolELN9__gnu_cxx12_Lock_policyE2ELb0ELb0EE6_M_getEv
FNDA:1,_ZNSt12__shared_ptrIN8nlohmann6detail22input_adapter_protocolELN9__gnu_cxx12_Lock_policyE2EEC2ERKS5_
FNDA:1,_ZNSt12__shared_ptrIN8nlohmann6detail20input_stream_adapterELN9__gnu_cxx12_Lock_policyE2EED2Ev
FNDA:3,_ZNSt12__shared_ptrIN8nlohmann6detail22input_adapter_protocolELN9__gnu_cxx12_Lock_policyE2EED2Ev
FNDA:1,_ZNSt12__shared_ptrIN8nlohmann6detail22input_adapter_protocolELN9__gnu_cxx12_Lock_policyE2EEC2EOS5_
FNDA:1,_ZNSt12__shared_ptrIN8nlohmann6detail22input_adapter_protocolELN9__gnu_cxx12_Lock_policyE2EEC2INS1_20input_stream_adapterEvEEOS_IT_LS4_2EE
FNDA:802298,_ZNKSt12__shared_ptrIN8nlohmann6detail22input_adapter_protocolELN9__gnu_cxx12_Lock_policyE2EE3getEv
FNDA:1,_ZNSt12__shared_ptrIN8nlohmann6detail20input_stream_adapterELN9__gnu_cxx12_Lock_policyE2EEC2ISaIS2_EJRSiEEESt19_Sp_make_shared_tagRKT_DpOT0_
FNDA:1,_ZNSt12__shared_ptrIN8nlohmann6detail20input_stream_adapterELN9__gnu_cxx12_Lock_policyE2EE31_M_enable_shared_from_this_withIS2_S2_EENSt9enable_ifIXntsrNS5_15__has_esft_baseIT0_vEE5valueEvE4typeEPT_
FNF:35
FNH:32
DA:116,1
DA:117,1
DA:120,1
DA:121,1
DA:130,0
DA:131,0
DA:137,1
DA:138,1
DA:147,2
DA:151,2
DA:154,1
DA:166,2
DA:167,1
DA:170,1
DA:173,2
DA:411,1
DA:413,1
DA:417,2
DA:505,1
DA:510,1
DA:512,2
DA:521,1
DA:522,1
DA:526,1
DA:528,1
DA:530,1
DA:533,1
DA:535,1
DA:536,1
DA:540,1
DA:542,2
DA:543,2
DA:544,1
DA:545,1
DA:549,1
DA:552,1
DA:553,1
DA:555,0
DA:559,3
DA:575,2
DA:576,2
DA:629,1
DA:631,1
DA:634,2
DA:635,2
DA:636,1
DA:637,1
DA:639,1
DA:640,1
DA:641,1
DA:681,4
DA:683,4
DA:684,2
DA:685,4
DA:687,1
DA:688,1
DA:690,1
DA:691,1
DA:692,1
DA:710,2
DA:712,2
DA:713,2
DA:714,2
DA:715,2
DA:726,1
DA:727,1
DA:966,802298
DA:969,802298
DA:974,802298
DA:975,802298
DA:1121,1
DA:1123,4
DA:1130,1
DA:1131,1
DA:1133,1
DA:1134,1
DA:1135,1
DA:1138,1
DA:1139,1
DA:1141,1
DA:1142,1
DA:1143,1
DA:1257,802298
DA:1258,802298
DA:1292,1
DA:1295,1
DA:1299,1
DA:1300,1
DA:1301,1
DA:1302,1
DA:1378,1
DA:1379,1
LF:92
LH:89
end_of_record
SF:/usr/include/c++/7/bits/std_function.h
FN:271,_ZNSt14_Function_baseC2Ev
FN:273,_ZNSt14_Function_baseD2Ev
FN:279,_ZNKSt14_Function_base8_M_emptyEv
FN:389,_ZNSt8functionIFbiN8nlohmann6detail6parserINS0_10basic_jsonISt3mapSt6vectorNSt7__cxx1112basic_stringIcSt11char_traitsIcESaIcEEEblmdSaNS0_14adl_serializerEEEE13parse_event_tERSD_EED2Ev
FN:421,_ZNSt8functionIFbiN8nlohmann6detail6parserINS0_10basic_jsonISt3mapSt6vectorNSt7__cxx1112basic_stringIcSt11char_traitsIcESaIcEEEblmdSaNS0_14adl_serializerEEEE13parse_event_tERSD_EEC2EDn
FN:582,_ZNKSt8functionIFbiN8nlohmann6detail6parserINS0_10basic_jsonISt3mapSt6vectorNSt7__cxx1112basic_stringIcSt11char_traitsIcESaIcEEEblmdSaNS0_14adl_serializerEEEE13parse_event_tERSD_EEcvbEv
FN:671,_ZNSt8functionIFbiN8nlohmann6detail6parserINS0_10basic_jsonISt3mapSt6vectorNSt7__cxx1112basic_stringIcSt11char_traitsIcESaIcEEEblmdSaNS0_14adl_serializerEEEE13parse_event_tERSD_EEC2ERKSI_
FN:701,_ZNKSt8functionIFbiN8nlohmann6detail6parserINS0_10basic_jsonISt3mapSt6vectorNSt7__cxx1112basic_stringIcSt11char_traitsIcESaIcEEEblmdSaNS0_14adl_serializerEEEE13parse_event_tERSD_EEclEiSF_SG_
FNDA:3,_ZNSt14_Function_baseC2Ev
FNDA:3,_ZNSt14_Function_baseD2Ev
FNDA:3,_ZNKSt14_Function_base8_M_emptyEv
FNDA:3,_ZNSt8functionIFbiN8nlohmann6detail6parserINS0_10basic_jsonISt3mapSt6vectorNSt7__cxx1112basic_stringIcSt11char_traitsIcESaIcEEEblmdSaNS0_14adl_serializerEEEE13parse_event_tERSD_EED2Ev
FNDA:1,_ZNSt8functionIFbiN8nlohmann6detail6parserINS0_10basic_jsonISt3mapSt6vectorNSt7__cxx1112basic_stringIcSt11char_traitsIcESaIcEEEblmdSaNS0_14adl_serializerEEEE13parse_event_tERSD_EEC2EDn
FNDA:3,_ZNKSt8functionIFbiN8nlohmann6detail6parserINS0_10basic_jsonISt3mapSt6vectorNSt7__cxx1112basic_stringIcSt11char_traitsIcESaIcEEEblmdSaNS0_14adl_serializerEEEE13parse_event_tERSD_EEcvbEv
FNDA:2,_ZNSt8functionIFbiN8nlohmann6detail6parserINS0_10basic_jsonISt3mapSt6vectorNSt7__cxx1112basic_stringIcSt11char_traitsIcESaIcEEEblmdSaNS0_14adl_serializerEEEE13parse_event_tERSD_EEC2ERKSI_
FNDA:0,_ZNKSt8functionIFbiN8nlohmann6detail6parserINS0_10basic_jsonISt3mapSt6vectorNSt7__cxx1112basic_stringIcSt11char_traitsIcESaIcEEEblmdSaNS0_14adl_serializerEEEE13parse_event_tERSD_EEclEiSF_SG_
FNF:8
FNH:7
DA:271,3
DA:273,3
DA:274,3
DA:275,3
DA:276,0
DA:277,3
DA:279,3
DA:389,3
DA:421,1
DA:422,1
DA:582,3
DA:583,3
DA:671,2
DA:673,2
DA:675,2
DA:677,0
DA:678,0
DA:679,0
DA:681,2
DA:701,0
DA:704,0
DA:705,0
DA:706,0
LF:23
LH:15
end_of_record
SF:/usr/include/c++/7/bits/stl_algobase.h
FN:219,_ZSt3maxImERKT_S2_S2_
FN:277,_ZSt12__niter_baseIPcET_S1_
FN:277,_ZSt12__niter_baseIPPN8nlohmann10basic_jsonISt3mapSt6vectorNSt7__cxx1112basic_stringIcSt11char_traitsIcESaIcEEEblmdSaNS0_14adl_serializerEEEET_SE_
FN:277,_ZSt12__niter_baseIPmET_S1_
FN:277,_ZSt12__niter_baseISt19_Bit_const_iteratorET_S1_
FN:277,_ZSt12__niter_baseISt13_Bit_iteratorET_S1_
FN:277,_ZSt12__niter_baseIPdET_S1_
FN:277,_ZSt12__niter_baseIPP6SensorET_S3_
FN:319,_ZNSt11__copy_moveILb0ELb0ESt26random_access_iterator_tagE8__copy_mISt19_Bit_const_iteratorSt13_Bit_iteratorEET0_T_S6_S5_
FN:319,_ZNSt11__copy_moveILb0ELb0ESt26random_access_iterator_tagE8__copy_mISt13_Bit_iteratorS3_EET0_T_S5_S4_
FN:338,_ZNSt11__copy_moveILb1ELb0ESt26random_access_iterator_tagE8__copy_mIPN8nlohmann10basic_jsonISt3mapSt6vectorNSt7__cxx1112basic_stringIcSt11char_traitsIcESaIcEEEblmdSaNS3_14adl_serializerEEESF_EET0_T_SH_SG_
FN:357,_ZNSt11__copy_moveILb1ELb1ESt26random_access_iterator_tagE8__copy_mIP6SensorEEPT_PKS5_S8_S6_
FN:357,_ZNSt11__copy_moveILb1ELb1ESt26random_access_iterator_tagE8__copy_mIPN8nlohmann10basic_jsonISt3mapSt6vectorNSt7__cxx1112basic_stringIcSt11char_traitsIcESaIcEEEblmdSaNS3_14adl_serializerEEEEEPT_PKSG_SJ_SH_
FN:357,_ZNSt11__copy_moveILb0ELb1ESt26random_access_iterator_tagE8__copy_mImEEPT_PKS3_S6_S4_
FN:357,_ZNSt11__copy_moveILb1ELb1ESt26random_access_iterator_tagE8__copy_mIdEEPT_PKS3_S6_S4_
FN:357,_ZNSt11__copy_moveILb1ELb1ESt26random_access_iterator_tagE8__copy_mIcEEPT_PKS3_S6_S4_
FN:375,_ZSt13__copy_move_aILb1EPN8nlohmann10basic_jsonISt3mapSt6vectorNSt7__cxx1112basic_stringIcSt11char_traitsIcESaIcEEEblmdSaNS0_14adl_serializerEEESC_ET1_T0_SE_SD_
FN:375,_ZSt13__copy_move_aILb0EPmS0_ET1_T0_S2_S1_
FN:375,_ZSt13__copy_move_aILb1EPPN8nlohmann10basic_jsonISt3mapSt6vectorNSt7__cxx1112basic_stringIcSt11char_traitsIcESaIcEEEblmdSaNS0_14adl_serializerEEESD_ET1_T0_SF_SE_
FN:375,_ZSt13__copy_move_aILb1EPdS0_ET1_T0_S2_S1_
FN:375,_ZSt13__copy_move_aILb1EPP6SensorS2_ET1_T0_S4_S3_
FN:375,_ZSt13__copy_move_aILb1EPcS0_ET1_T0_S2_S1_
FN:375,_ZSt13__copy_move_aILb0ESt19_Bit_const_iteratorSt13_Bit_iteratorET1_T0_S3_S2_
FN:375,_ZSt13__copy_move_aILb0ESt13_Bit_iteratorS0_ET1_T0_S2_S1_
FN:420,_ZSt14__copy_move_a2ILb1EN9__gnu_cxx17__normal_iteratorIPN8nlohmann10basic_jsonISt3mapSt6vectorNSt7__cxx1112basic_stringIcSt11char_traitsIcESaIcEEEblmdSaNS2_14adl_serializerEEES5_ISD_SaISD_EEEESH_ET1_T0_SJ_SI_
FN:420,_ZSt14__copy_move_a2ILb1EPP6SensorS2_ET1_T0_S4_S3_
FN:420,_ZSt14__copy_move_a2ILb1EPPN8nlohmann10basic_jsonISt3mapSt6vectorNSt7__cxx1112basic_stringIcSt11char_traitsIcESaIcEEEblmdSaNS0_14adl_serializerEEESD_ET1_T0_SF_SE_
FN:420,_ZSt14__copy_move_a2ILb1EPdS0_ET1_T0_S2_S1_
FN:420,_ZSt14__copy_move_a2ILb0ESt13_Bit_iteratorS0_ET1_T0_S2_S1_
FN:420,_ZSt14__copy_move_a2ILb1EPcS0_ET1_T0_S2_S1_
FN:420,_ZSt14__copy_move_a2ILb0EPmS0_ET1_T0_S2_S1_
FN:420,_ZSt14__copy_move_a2ILb0ESt19_Bit_const_iteratorSt13_Bit_iteratorET1_T0_S3_S2_
FN:446,_ZSt4copyISt13move_iteratorIPPN8nlohmann10basic_jsonISt3mapSt6vectorNSt7__cxx1112basic_stringIcSt11char_traitsIcESaIcEEEblmdSaNS1_14adl_serializerEEEESE_ET0_T_SH_SG_
FN:446,_ZSt4copyISt13move_iteratorIPcES1_ET0_T_S4_S3_
FN:446,_ZSt4copyIPmS0_ET0_T_S2_S1_
FN:446,_ZSt4copyISt13_Bit_iteratorS0_ET0_T_S2_S1_
FN:446,_ZSt4copyISt19_Bit_const_iteratorSt13_Bit_iteratorET0_T_S3_S2_
FN:446,_ZSt4copyISt13move_iteratorIPP6SensorES3_ET0_T_S6_S5_
FN:446,_ZSt4copyISt13move_iteratorIPdES1_ET0_T_S4_S3_
FN:479,_ZSt4moveIN9__gnu_cxx17__normal_iteratorIPN8nlohmann10basic_jsonISt3mapSt6vectorNSt7__cxx1112basic_stringIcSt11char_traitsIcESaIcEEEblmdSaNS2_14adl_serializerEEES5_ISD_SaISD_EEEESH_ET0_T_SJ_SI_
FN:529,_ZNSt20__copy_move_backwardILb0ELb0ESt26random_access_iterator_tagE13__copy_move_bISt13_Bit_iteratorS3_EET0_T_S5_S4_
FN:577,_ZSt22__copy_move_backward_aILb0ESt13_Bit_iteratorS0_ET1_T0_S2_S1_
FN:595,_ZSt23__copy_move_backward_a2ILb0ESt13_Bit_iteratorS0_ET1_T0_S2_S1_
FN:622,_ZSt13copy_backwardISt13_Bit_iteratorS0_ET0_T_S2_S1_
FNDA:76,_ZSt3maxImERKT_S2_S2_
FNDA:12,_ZSt12__niter_baseIPPN8nlohmann10basic_jsonISt3mapSt6vectorNSt7__cxx1112basic_stringIcSt11char_traitsIcESaIcEEEblmdSaNS0_14adl_serializerEEEET_SE_
FNDA:42,_ZSt12__niter_baseIPcET_S1_
FNDA:198,_ZSt12__niter_baseIPdET_S1_
FNDA:132,_ZSt12__niter_baseIPP6SensorET_S3_
FNDA:2,_ZSt12__niter_baseISt19_Bit_const_iteratorET_S1_
FNDA:4,_ZSt12__niter_baseISt13_Bit_iteratorET_S1_
FNDA:3,_ZSt12__niter_baseIPmET_S1_
FNDA:1,_ZNSt11__copy_moveILb0ELb0ESt26random_access_iterator_tagE8__copy_mISt19_Bit_const_iteratorSt13_Bit_iteratorEET0_T_S6_S5_
FNDA:1,_ZNSt11__copy_moveILb0ELb0ESt26random_access_iterator_tagE8__copy_mISt13_Bit_iteratorS3_EET0_T_S5_S4_
FNDA:0,_ZNSt11__copy_moveILb1ELb0ESt26random_access_iterator_tagE8__copy_mIPN8nlohmann10basic_jsonISt3mapSt6vectorNSt7__cxx1112basic_stringIcSt11char_traitsIcESaIcEEEblmdSaNS3_14adl_serializerEEESF_EET0_T_SH_SG_
FNDA:4,_ZNSt11__copy_moveILb1ELb1ESt26random_access_iterator_tagE8__copy_mIPN8nlohmann10basic_jsonISt3mapSt6vectorNSt7__cxx1112basic_stringIcSt11char_traitsIcESaIcEEEblmdSaNS3_14adl_serializerEEEEEPT_PKSG_SJ_SH_
FNDA:14,_ZNSt11__copy_moveILb1ELb1ESt26random_access_iterator_tagE8__copy_mIcEEPT_PKS3_S6_S4_
FNDA:66,_ZNSt11__copy_moveILb1ELb1ESt26random_access_iterator_tagE8__copy_mIdEEPT_PKS3_S6_S4_
FNDA:44,_ZNSt11__copy_moveILb1ELb1ESt26random_access_iterator_tagE8__copy_mIP6SensorEEPT_PKS5_S8_S6_
FNDA:1,_ZNSt11__copy_moveILb0ELb1ESt26random_access_iterator_tagE8__copy_mImEEPT_PKS3_S6_S4_
FNDA:4,_ZSt13__copy_move_aILb1EPPN8nlohmann10basic_jsonISt3mapSt6vectorNSt7__cxx1112basic_stringIcSt11char_traitsIcESaIcEEEblmdSaNS0_14adl_serializerEEESD_ET1_T0_SF_SE_
FNDA:0,_ZSt13__copy_move_aILb1EPN8nlohmann10basic_jsonISt3mapSt6vectorNSt7__cxx1112basic_stringIcSt11char_traitsIcESaIcEEEblmdSaNS0_14adl_serializerEEESC_ET1_T0_SE_SD_
FNDA:14,_ZSt13__copy_move_aILb1EPcS0_ET1_T0_S2_S1_
FNDA:66,_ZSt13__copy_move_aILb1EPdS0_ET1_T0_S2_S1_
FNDA:44,_ZSt13__copy_move_aILb1EPP6SensorS2_ET1_T0_S4_S3_
FNDA:1,_ZSt13__copy_move_aILb0ESt19_Bit_const_iteratorSt13_Bit_iteratorET1_T0_S3_S2_
FNDA:1,_ZSt13__copy_move_aILb0EPmS0_ET1_T0_S2_S1_
FNDA:1,_ZSt13__copy_move_aILb0ESt13_Bit_iteratorS0_ET1_T0_S2_S1_
FNDA:4,_ZSt14__copy_move_a2ILb1EPPN8nlohmann10basic_jsonISt3mapSt6vectorNSt7__cxx1112basic_stringIcSt11char_traitsIcESaIcEEEblmdSaNS0_14adl_serializerEEESD_ET1_T0_SF_SE_
FNDA:0,_ZSt14__copy_move_a2ILb1EN9__gnu_cxx17__normal_iteratorIPN8nlohmann10basic_jsonISt3mapSt6vectorNSt7__cxx1112basic_stringIcSt11char_traitsIcESaIcEEEblmdSaNS2_14adl_serializerEEES5_ISD_SaISD_EEEESH_ET1_T0_SJ_SI_
FNDA:14,_ZSt14__copy_move_a2ILb1EPcS0_ET1_T0_S2_S1_
FNDA:66,_ZSt14__copy_move_a2ILb1EPdS0_ET1_T0_S2_S1_
FNDA:44,_ZSt14__copy_move_a2ILb1EPP6SensorS2_ET1_T0_S4_S3_
FNDA:1,_ZSt14__copy_move_a2ILb0ESt19_Bit_const_iteratorSt13_Bit_iteratorET1_T0_S3_S2_
FNDA:1,_ZSt14__copy_move_a2ILb0EPmS0_ET1_T0_S2_S1_
FNDA:1,_ZSt14__copy_move_a2ILb0ESt13_Bit_iteratorS0_ET1_T0_S2_S1_
FNDA:4,_ZSt4copyISt13move_iteratorIPPN8nlohmann10basic_jsonISt3mapSt6vectorNSt7__cxx1112basic_stringIcSt11char_traitsIcESaIcEEEblmdSaNS1_14adl_serializerEEEESE_ET0_T_SH_SG_
FNDA:14,_ZSt4copyISt13move_iteratorIPcES1_ET0_T_S4_S3_
FNDA:66,_ZSt4copyISt13move_iteratorIPdES1_ET0_T_S4_S3_
FNDA:44,_ZSt4copyISt13move_iteratorIPP6SensorES3_ET0_T_S6_S5_
FNDA:1,_ZSt4copyISt19_Bit_const_iteratorSt13_Bit_iteratorET0_T_S3_S2_
FNDA:1,_ZSt4copyIPmS0_ET0_T_S2_S1_
FNDA:1,_ZSt4copyISt13_Bit_iteratorS0_ET0_T_S2_S1_
FNDA:0,_ZSt4moveIN9__gnu_cxx17__normal_iteratorIPN8nlohmann10basic_jsonISt3mapSt6vectorNSt7__cxx1112basic_stringIcSt11char_traitsIcESaIcEEEblmdSaNS2_14adl_serializerEEES5_ISD_SaISD_EEEESH_ET0_T_SJ_SI_
FNDA:0,_ZNSt20__copy_move_backwardILb0ELb0ESt26random_access_iterator_tagE13__copy_move_bISt13_Bit_iteratorS3_EET0_T_S5_S4_
FNDA:0,_ZSt22__copy_move_backward_aILb0ESt13_Bit_iteratorS0_ET1_T0_S2_S1_
FNDA:0,_ZSt23__copy_move_backward_a2ILb0ESt13_Bit_iteratorS0_ET1_T0_S2_S1_
FNDA:0,_ZSt13copy_backwardISt13_Bit_iteratorS0_ET0_T_S2_S1_
FNF:44
FNH:36
DA:219,76
DA:224,76
DA:225,9
DA:226,67
DA:277,393
DA:278,393
DA:319,2
DA:322,2
DA:324,0
DA:325,0
DA:326,0
DA:328,2
DA:338,0
DA:341,0
DA:343,0
DA:344,0
DA:345,0
DA:347,0
DA:357,129
DA:366,129
DA:367,129
DA:368,57
DA:369,129
DA:375,131
DA:380,131
DA:386,131
DA:420,131
DA:422,131
DA:424,131
DA:446,131
DA:455,131
DA:456,131
DA:479,0
DA:487,0
DA:488,0
DA:529,0
DA:532,0
DA:533,0
DA:534,0
DA:577,0
DA:582,0
DA:590,0
DA:595,0
DA:598,0
DA:599,0
DA:622,0
DA:633,0
DA:634,0
LF:48
LH:23
end_of_record
SF:/usr/include/c++/7/bits/stl_bvector.h
FN:75,_ZNSt14_Bit_referenceC2EPmm
FN:80,_ZNKSt14_Bit_referencecvbEv
FN:84,_ZNSt14_Bit_referenceaSEb
FN:94,_ZNSt14_Bit_referenceaSERKS_
FN:142,_ZNSt18_Bit_iterator_baseC2EPmj
FN:146,_ZNSt18_Bit_iterator_base10_M_bump_upEv
FN:156,_ZNSt18_Bit_iterator_base12_M_bump_downEv
FN:166,_ZNSt18_Bit_iterator_base7_M_incrEl
FN:180,_ZNKSt18_Bit_iterator_baseeqERKS_
FN:208,_ZStmiRKSt18_Bit_iterator_baseS1_
FN:220,_ZNSt13_Bit_iteratorC2Ev
FN:222,_ZNSt13_Bit_iteratorC2EPmj
FN:230,_ZNKSt13_Bit_iteratordeEv
FN:234,_ZNSt13_Bit_iteratorppEv
FN:241,_ZNSt13_Bit_iteratorppEi
FN:249,_ZNSt13_Bit_iteratormmEv
FN:264,_ZNSt13_Bit_iteratorpLEl
FN:271,_ZNSt13_Bit_iteratormIEl
FN:278,_ZNKSt13_Bit_iteratorplEl
FN:285,_ZNKSt13_Bit_iteratormiEl
FN:309,_ZNSt19_Bit_const_iteratorC2EPmj
FN:312,_ZNSt19_Bit_const_iteratorC2ERKSt13_Bit_iterator
FN:320,_ZNKSt19_Bit_const_iteratordeEv
FN:324,_ZNSt19_Bit_const_iteratorppEv
FN:419,_ZNSt13_Bvector_baseISaIbEE13_Bvector_implD2Ev
FN:426,_ZNSt13_Bvector_baseISaIbEE13_Bvector_implC2Ev
FN:442,_ZNKSt13_Bvector_baseISaIbEE13_Bvector_impl11_M_end_addrEv
FN:458,_ZNKSt13_Bvector_baseISaIbEE20_M_get_Bit_allocatorEv
FN:465,_ZNSt13_Bvector_baseISaIbEEC2Ev
FN:484,_ZNSt13_Bvector_baseISaIbEED2Ev
FN:491,_ZNSt13_Bvector_baseISaIbEE11_M_allocateEm
FN:495,_ZNSt13_Bvector_baseISaIbEE13_M_deallocateEv
FN:509,_ZNSt13_Bvector_baseISaIbEE8_S_nwordEm
FN:577,_ZNSt6vectorIbSaIbEEC2Ev
FN:679,_ZNSt6vectorIbSaIbEED2Ev
FN:781,_ZNSt6vectorIbSaIbEE5beginEv
FN:785,_ZNKSt6vectorIbSaIbEE5beginEv
FN:789,_ZNSt6vectorIbSaIbEE3endEv
FN:793,_ZNKSt6vectorIbSaIbEE3endEv
FN:831,_ZNKSt6vectorIbSaIbEE4sizeEv
FN:835,_ZNKSt6vectorIbSaIbEE8max_sizeEv
FN:852,_ZNKSt6vectorIbSaIbEE5emptyEv
FN:907,_ZNSt6vectorIbSaIbEE4backEv
FN:923,_ZNSt6vectorIbSaIbEE9push_backEb
FN:1011,_ZNSt6vectorIbSaIbEE8pop_backEv
FN:1081,_ZNSt6vectorIbSaIbEE15_M_copy_alignedESt19_Bit_const_iteratorS2_St13_Bit_iterator
FN:1248,_ZNKSt6vectorIbSaIbEE12_M_check_lenEmPKc
FNDA:21913,_ZNSt14_Bit_referenceC2EPmm
FNDA:21248,_ZNKSt14_Bit_referencecvbEv
FNDA:665,_ZNSt14_Bit_referenceaSEb
FNDA:0,_ZNSt14_Bit_referenceaSERKS_
FNDA:43844,_ZNSt18_Bit_iterator_baseC2EPmj
FNDA:665,_ZNSt18_Bit_iterator_base10_M_bump_upEv
FNDA:665,_ZNSt18_Bit_iterator_base12_M_bump_downEv
FNDA:21248,_ZNSt18_Bit_iterator_base7_M_incrEl
FNDA:21914,_ZNKSt18_Bit_iterator_baseeqERKS_
FNDA:6,_ZStmiRKSt18_Bit_iterator_baseS1_
FNDA:3,_ZNSt13_Bit_iteratorC2Ev
FNDA:2,_ZNSt13_Bit_iteratorC2EPmj
FNDA:21913,_ZNKSt13_Bit_iteratordeEv
FNDA:0,_ZNSt13_Bit_iteratorppEv
FNDA:665,_ZNSt13_Bit_iteratorppEi
FNDA:665,_ZNSt13_Bit_iteratormmEv
FNDA:21248,_ZNSt13_Bit_iteratorpLEl
FNDA:21248,_ZNSt13_Bit_iteratormIEl
FNDA:0,_ZNKSt13_Bit_iteratorplEl
FNDA:21248,_ZNKSt13_Bit_iteratormiEl
FNDA:1,_ZNSt19_Bit_const_iteratorC2EPmj
FNDA:43838,_ZNSt19_Bit_const_iteratorC2ERKSt13_Bit_iterator
FNDA:0,_ZNKSt19_Bit_const_iteratordeEv
FNDA:0,_ZNSt19_Bit_const_iteratorppEv
FNDA:1,_ZNSt13_Bvector_baseISaIbEE13_Bvector_implD2Ev
FNDA:1,_ZNSt13_Bvector_baseISaIbEE13_Bvector_implC2Ev
FNDA:667,_ZNKSt13_Bvector_baseISaIbEE13_Bvector_impl11_M_end_addrEv
FNDA:2,_ZNKSt13_Bvector_baseISaIbEE20_M_get_Bit_allocatorEv
FNDA:1,_ZNSt13_Bvector_baseISaIbEEC2Ev
FNDA:1,_ZNSt13_Bvector_baseISaIbEED2Ev
FNDA:1,_ZNSt13_Bvector_baseISaIbEE11_M_allocateEm
FNDA:2,_ZNSt13_Bvector_baseISaIbEE13_M_deallocateEv
FNDA:2,_ZNSt13_Bvector_baseISaIbEE8_S_nwordEm
FNDA:1,_ZNSt6vectorIbSaIbEEC2Ev
FNDA:1,_ZNSt6vectorIbSaIbEED2Ev
FNDA:1,_ZNSt6vectorIbSaIbEE5beginEv
FNDA:21918,_ZNKSt6vectorIbSaIbEE5beginEv
FNDA:21250,_ZNSt6vectorIbSaIbEE3endEv
FNDA:21918,_ZNKSt6vectorIbSaIbEE3endEv
FNDA:4,_ZNKSt6vectorIbSaIbEE4sizeEv
FNDA:2,_ZNKSt6vectorIbSaIbEE8max_sizeEv
FNDA:21914,_ZNKSt6vectorIbSaIbEE5emptyEv
FNDA:21248,_ZNSt6vectorIbSaIbEE4backEv
FNDA:665,_ZNSt6vectorIbSaIbEE9push_backEb
FNDA:665,_ZNSt6vectorIbSaIbEE8pop_backEv
FNDA:1,_ZNSt6vectorIbSaIbEE15_M_copy_alignedESt19_Bit_const_iteratorS2_St13_Bit_iterator
FNDA:1,_ZNKSt6vectorIbSaIbEE12_M_check_lenEmPKc
FNF:47
FNH:42
DA:75,21913
DA:76,21913
DA:80,21248
DA:81,21248
DA:84,665
DA:86,665
DA:87,1
DA:89,664
DA:90,665
DA:94,0
DA:95,0
DA:142,43844
DA:143,43844
DA:146,665
DA:148,665
DA:150,0
DA:151,0
DA:153,665
DA:156,665
DA:158,665
DA:160,0
DA:161,0
DA:163,665
DA:166,21248
DA:168,21248
DA:169,21248
DA:170,21248
DA:171,21248
DA:173,0
DA:174,0
DA:176,21248
DA:177,21248
DA:180,21914
DA:181,21914
DA:208,6
DA:210,6
DA:211,6
DA:220,3
DA:222,2
DA:223,2
DA:230,21913
DA:231,21913
DA:234,0
DA:236,0
DA:237,0
DA:241,665
DA:243,665
DA:244,665
DA:245,665
DA:249,665
DA:251,665
DA:252,665
DA:264,21248
DA:266,21248
DA:267,21248
DA:271,21248
DA:273,21248
DA:274,21248
DA:278,0
DA:280,0
DA:281,0
DA:285,21248
DA:287,21248
DA:288,21248
DA:309,1
DA:310,1
DA:312,43838
DA:313,43838
DA:320,0
DA:321,0
DA:324,0
DA:326,0
DA:327,0
DA:419,1
DA:426,1
DA:427,1
DA:428,1
DA:442,667
DA:444,667
DA:445,665
DA:446,2
DA:458,2
DA:459,2
DA:465,1
DA:466,1
DA:484,1
DA:485,1
DA:491,1
DA:492,1
DA:495,2
DA:497,2
DA:499,1
DA:500,1
DA:501,1
DA:503,1
DA:504,1
DA:506,2
DA:509,2
DA:510,2
DA:577,1
DA:581,1
DA:679,1
DA:781,1
DA:782,1
DA:785,21918
DA:786,21918
DA:789,21250
DA:790,21250
DA:793,21918
DA:794,21918
DA:831,4
DA:832,4
DA:835,2
DA:837,2
DA:840,2
DA:841,2
DA:843,2
DA:852,21914
DA:853,21914
DA:907,21248
DA:908,21248
DA:923,665
DA:925,665
DA:926,664
DA:928,1
DA:929,665
DA:1011,665
DA:1012,665
DA:1081,1
DA:1084,1
DA:1085,2
DA:1086,2
DA:1248,1
DA:1250,1
DA:1251,0
DA:1253,1
DA:1254,1
LF:137
LH:117
end_of_record
SF:/usr/include/c++/7/bits/stl_construct.h
FN:74,_ZSt10_ConstructIN8nlohmann10basic_jsonISt3mapSt6vectorNSt7__cxx1112basic_stringIcSt11char_traitsIcESaIcEEEblmdSaNS0_14adl_serializerEEEJSB_EEvPT_DpOT0_
FN:74,_ZSt10_ConstructIN8nlohmann10basic_jsonISt3mapSt6vectorNSt7__cxx1112basic_stringIcSt11char_traitsIcESaIcEEEblmdSaNS0_14adl_serializerEEEJRKSB_EEvPT_DpOT0_
FN:97,_ZSt8_DestroyIN8nlohmann10basic_jsonISt3mapSt6vectorNSt7__cxx1112basic_stringIcSt11char_traitsIcESaIcEEEblmdSaNS0_14adl_serializerEEEEvPT_
FN:105,_ZNSt12_Destroy_auxILb0EE9__destroyIPN8nlohmann10basic_jsonISt3mapSt6vectorNSt7__cxx1112basic_stringIcSt11char_traitsIcESaIcEEEblmdSaNS2_14adl_serializerEEEEEvT_SF_
FN:117,_ZNSt12_Destroy_auxILb1EE9__destroyIPcEEvT_S3_
FN:117,_ZNSt12_Destroy_auxILb1EE9__destroyIPdEEvT_S3_
FN:117,_ZNSt12_Destroy_auxILb1EE9__destroyIPP6SensorEEvT_S5_
FN:117,_ZNSt12_Destroy_auxILb1EE9__destroyIPPN8nlohmann10basic_jsonISt3mapSt6vectorNSt7__cxx1112basic_stringIcSt11char_traitsIcESaIcEEEblmdSaNS2_14adl_serializerEEEEEvT_SG_
FN:127,_ZSt8_DestroyIPcEvT_S1_
FN:127,_ZSt8_DestroyIPPN8nlohmann10basic_jsonISt3mapSt6vectorNSt7__cxx1112basic_stringIcSt11char_traitsIcESaIcEEEblmdSaNS0_14adl_serializerEEEEvT_SE_
FN:127,_ZSt8_DestroyIPP6SensorEvT_S3_
FN:127,_ZSt8_DestroyIPdEvT_S1_
FN:127,_ZSt8_DestroyIPN8nlohmann10basic_jsonISt3mapSt6vectorNSt7__cxx1112basic_stringIcSt11char_traitsIcESaIcEEEblmdSaNS0_14adl_serializerEEEEvT_SD_
FN:203,_ZSt8_DestroyIPddEvT_S1_RSaIT0_E
FN:203,_ZSt8_DestroyIPN8nlohmann10basic_jsonISt3mapSt6vectorNSt7__cxx1112basic_stringIcSt11char_traitsIcESaIcEEEblmdSaNS0_14adl_serializerEEESB_EvT_SD_RSaIT0_E
FN:203,_ZSt8_DestroyIPP6SensorS1_EvT_S3_RSaIT0_E
FN:203,_ZSt8_DestroyIPccEvT_S1_RSaIT0_E
FN:203,_ZSt8_DestroyIPPN8nlohmann10basic_jsonISt3mapSt6vectorNSt7__cxx1112basic_stringIcSt11char_traitsIcESaIcEEEblmdSaNS0_14adl_serializerEEESC_EvT_SE_RSaIT0_E
FNDA:1023,_ZSt10_ConstructIN8nlohmann10basic_jsonISt3mapSt6vectorNSt7__cxx1112basic_stringIcSt11char_traitsIcESaIcEEEblmdSaNS0_14adl_serializerEEEJSB_EEvPT_DpOT0_
FNDA:0,_ZSt10_ConstructIN8nlohmann10basic_jsonISt3mapSt6vectorNSt7__cxx1112basic_stringIcSt11char_traitsIcESaIcEEEblmdSaNS0_14adl_serializerEEEJRKSB_EEvPT_DpOT0_
FNDA:1687,_ZSt8_DestroyIN8nlohmann10basic_jsonISt3mapSt6vectorNSt7__cxx1112basic_stringIcSt11char_traitsIcESaIcEEEblmdSaNS0_14adl_serializerEEEEvPT_
FNDA:12,_ZNSt12_Destroy_auxILb0EE9__destroyIPN8nlohmann10basic_jsonISt3mapSt6vectorNSt7__cxx1112basic_stringIcSt11char_traitsIcESaIcEEEblmdSaNS2_14adl_serializerEEEEEvT_SF_
FNDA:3,_ZNSt12_Destroy_auxILb1EE9__destroyIPPN8nlohmann10basic_jsonISt3mapSt6vectorNSt7__cxx1112basic_stringIcSt11char_traitsIcESaIcEEEblmdSaNS2_14adl_serializerEEEEEvT_SG_
FNDA:41176,_ZNSt12_Destroy_auxILb1EE9__destroyIPcEEvT_S3_
FNDA:36,_ZNSt12_Destroy_auxILb1EE9__destroyIPdEEvT_S3_
FNDA:24,_ZNSt12_Destroy_auxILb1EE9__destroyIPP6SensorEEvT_S5_
FNDA:12,_ZSt8_DestroyIPN8nlohmann10basic_jsonISt3mapSt6vectorNSt7__cxx1112basic_stringIcSt11char_traitsIcESaIcEEEblmdSaNS0_14adl_serializerEEEEvT_SD_
FNDA:3,_ZSt8_DestroyIPPN8nlohmann10basic_jsonISt3mapSt6vectorNSt7__cxx1112basic_stringIcSt11char_traitsIcESaIcEEEblmdSaNS0_14adl_serializerEEEEvT_SE_
FNDA:41176,_ZSt8_DestroyIPcEvT_S1_
FNDA:36,_ZSt8_DestroyIPdEvT_S1_
FNDA:24,_ZSt8_DestroyIPP6SensorEvT_S3_
FNDA:12,_ZSt8_DestroyIPN8nlohmann10basic_jsonISt3mapSt6vectorNSt7__cxx1112basic_stringIcSt11char_traitsIcESaIcEEEblmdSaNS0_14adl_serializerEEESB_EvT_SD_RSaIT0_E
FNDA:3,_ZSt8_DestroyIPPN8nlohmann10basic_jsonISt3mapSt6vectorNSt7__cxx1112basic_stringIcSt11char_traitsIcESaIcEEEblmdSaNS0_14adl_serializerEEESC_EvT_SE_RSaIT0_E
FNDA:41176,_ZSt8_DestroyIPccEvT_S1_RSaIT0_E
FNDA:36,_ZSt8_DestroyIPddEvT_S1_RSaIT0_E
FNDA:24,_ZSt8_DestroyIPP6SensorS1_EvT_S3_RSaIT0_E
FNF:18
FNH:17
DA:74,1023
DA:75,1023
DA:97,1687
DA:98,1687
DA:105,1699
DA:107,3386
DA:108,1687
DA:109,12
DA:117,41239
DA:127,41251
DA:137,41251
DA:138,41251
DA:203,41251
DA:206,41251
DA:207,41251
LF:15
LH:15
end_of_record
SF:/usr/include/c++/7/bits/stl_function.h
FN:462,_ZNKSt4lessIvEclIRKNSt7__cxx1112basic_stringIcSt11char_traitsIcESaIcEEES9_EEDTltcl7forwardIT_Efp_Ecl7forwardIT0_Efp0_EEOSA_OSB_
FN:890,_ZNKSt10_Select1stISt4pairIKNSt7__cxx1112basic_stringIcSt11char_traitsIcESaIcEEEN8nlohmann10basic_jsonISt3mapSt6vectorS6_blmdSaNS8_14adl_serializerEEEEEclERKSE_
FNDA:173304,_ZNKSt4lessIvEclIRKNSt7__cxx1112basic_stringIcSt11char_traitsIcESaIcEEES9_EEDTltcl7forwardIT_Efp_Ecl7forwardIT0_Efp0_EEOSA_OSB_
FNDA:202520,_ZNKSt10_Select1stISt4pairIKNSt7__cxx1112basic_stringIcSt11char_traitsIcESaIcEEEN8nlohmann10basic_jsonISt3mapSt6vectorS6_blmdSaNS8_14adl_serializerEEEEEclERKSE_
FNF:2
FNH:2
DA:462,173304
DA:465,173304
DA:890,202520
DA:891,202520
LF:4
LH:4
end_of_record
SF:/usr/include/c++/7/bits/stl_iterator.h
FN:775,_ZN9__gnu_cxx17__normal_iteratorIPN8nlohmann10basic_jsonISt3mapSt6vectorNSt7__cxx1112basic_stringIcSt11char_traitsIcESaIcEEEblmdSaNS1_14adl_serializerEEES4_ISC_SaISC_EEEC2Ev
FN:779,_ZN9__gnu_cxx17__normal_iteratorIPP6SensorSt6vectorIS2_SaIS2_EEEC2ERKS3_
FN:779,_ZN9__gnu_cxx17__normal_iteratorIPKN8nlohmann10basic_jsonISt3mapSt6vectorNSt7__cxx1112basic_stringIcSt11char_traitsIcESaIcEEEblmdSaNS1_14adl_serializerEEES4_ISC_SaISC_EEEC2ERKSE_
FN:779,_ZN9__gnu_cxx17__normal_iteratorIPKPN8nlohmann10basic_jsonISt3mapSt6vectorNSt7__cxx1112basic_stringIcSt11char_traitsIcESaIcEEEblmdSaNS1_14adl_serializerEEES4_ISD_SaISD_EEEC2ERKSF_
FN:779,_ZN9__gnu_cxx17__normal_iteratorIPKcSt6vectorIcSaIcEEEC2ERKS2_
FN:779,_ZN9__gnu_cxx17__normal_iteratorIPPN8nlohmann10basic_jsonISt3mapSt6vectorNSt7__cxx1112basic_stringIcSt11char_traitsIcESaIcEEEblmdSaNS1_14adl_serializerEEES4_ISD_SaISD_EEEC2ERKSE_
FN:779,_ZN9__gnu_cxx17__normal_iteratorIPN8nlohmann10basic_jsonISt3mapSt6vectorNSt7__cxx1112basic_stringIcSt11char_traitsIcESaIcEEEblmdSaNS1_14adl_serializerEEES4_ISC_SaISC_EEEC2ERKSD_
FN:779,_ZN9__gnu_cxx17__normal_iteratorIPdSt6vectorIdSaIdEEEC2ERKS1_
FN:779,_ZN9__gnu_cxx17__normal_iteratorIPcSt6vectorIcSaIcEEEC2ERKS1_
FN:784,_ZN9__gnu_cxx17__normal_iteratorIPKN8nlohmann10basic_jsonISt3mapSt6vectorNSt7__cxx1112basic_stringIcSt11char_traitsIcESaIcEEEblmdSaNS1_14adl_serializerEEES4_ISC_SaISC_EEEC2IPSC_EERKNS0_IT_NS_11__enable_ifIXsrSt10__are_sameISK_SJ_E7__valueESG_E6__typeEEE
FN:792,_ZNK9__gnu_cxx17__normal_iteratorIPKN8nlohmann10basic_jsonISt3mapSt6vectorNSt7__cxx1112basic_stringIcSt11char_traitsIcESaIcEEEblmdSaNS1_14adl_serializerEEES4_ISC_SaISC_EEEdeEv
FN:792,_ZNK9__gnu_cxx17__normal_iteratorIPPN8nlohmann10basic_jsonISt3mapSt6vectorNSt7__cxx1112basic_stringIcSt11char_traitsIcESaIcEEEblmdSaNS1_14adl_serializerEEES4_ISD_SaISD_EEEdeEv
FN:792,_ZNK9__gnu_cxx17__normal_iteratorIPN8nlohmann10basic_jsonISt3mapSt6vectorNSt7__cxx1112basic_stringIcSt11char_traitsIcESaIcEEEblmdSaNS1_14adl_serializerEEES4_ISC_SaISC_EEEdeEv
FN:792,_ZNK9__gnu_cxx17__normal_iteratorIPP6SensorSt6vectorIS2_SaIS2_EEEdeEv
FN:792,_ZNK9__gnu_cxx17__normal_iteratorIPKcSt6vectorIcSaIcEEEdeEv
FN:800,_ZN9__gnu_cxx17__normal_iteratorIPP6SensorSt6vectorIS2_SaIS2_EEEppEv
FN:800,_ZN9__gnu_cxx17__normal_iteratorIPKcSt6vectorIcSaIcEEEppEv
FN:800,_ZN9__gnu_cxx17__normal_iteratorIPKN8nlohmann10basic_jsonISt3mapSt6vectorNSt7__cxx1112basic_stringIcSt11char_traitsIcESaIcEEEblmdSaNS1_14adl_serializerEEES4_ISC_SaISC_EEEppEv
[...]
FNDA:6,_ZNSt8_Rb_treeIiSt4pairIKiNSt7__cxx1112basic_stringIcSt11char_traitsIcESaIcEEEESt10_Select1stIS8_ESt4lessIiESaIS8_EE17_M_construct_nodeIJRKSt21piecewise_construct_tSt5tupleIJOiEESJ_IJEEEEEvPSt13_Rb_tree_nodeIS8_EDpOT_
FNDA:0,_ZNSt8_Rb_treeIiSt4pairIKiNSt7__cxx1112basic_stringIcSt11char_traitsIcESaIcEEEESt10_Select1stIS8_ESt4lessIiESaIS8_EE14_M_create_nodeIJRKSt21piecewise_construct_tSt5tupleIJRS1_EESJ_IJEEEEEPSt13_Rb_tree_nodeIS8_EDpOT_
FNDA:6,_ZNSt8_Rb_treeIiSt4pairIKiNSt7__cxx1112basic_stringIcSt11char_traitsIcESaIcEEEESt10_Select1stIS8_ESt4lessIiESaIS8_EE14_M_create_nodeIJRKSt21piecewise_construct_tSt5tupleIJOiEESJ_IJEEEEEPSt13_Rb_tree_nodeIS8_EDpOT_
FNDA:6,_ZNSt8_Rb_treeIiSt4pairIKiNSt7__cxx1112basic_stringIcSt11char_traitsIcESaIcEEEESt10_Select1stIS8_ESt4lessIiESaIS8_EE15_M_destroy_nodeEPSt13_Rb_tree_nodeIS8_E
FNDA:6,_ZNSt8_Rb_treeIiSt4pairIKiNSt7__cxx1112basic_stringIcSt11char_traitsIcESaIcEEEESt10_Select1stIS8_ESt4lessIiESaIS8_EE12_M_drop_nodeEPSt13_Rb_tree_nodeIS8_E
FNDA:1,_ZNSt8_Rb_treeIiSt4pairIKiNSt7__cxx1112basic_stringIcSt11char_traitsIcESaIcEEEESt10_Select1stIS8_ESt4lessIiESaIS8_EE13_Rb_tree_implISC_Lb1EED2Ev
FNDA:1,_ZNSt8_Rb_treeIiSt4pairIKiNSt7__cxx1112basic_stringIcSt11char_traitsIcESaIcEEEESt10_Select1stIS8_ESt4lessIiESaIS8_EE13_Rb_tree_implISC_Lb1EEC2Ev
FNDA:0,_ZNSt8_Rb_treeIiSt4pairIKiNSt7__cxx1112basic_stringIcSt11char_traitsIcESaIcEEEESt10_Select1stIS8_ESt4lessIiESaIS8_EE11_M_leftmostEv
FNDA:10,_ZNSt8_Rb_treeIiSt4pairIKiNSt7__cxx1112basic_stringIcSt11char_traitsIcESaIcEEEESt10_Select1stIS8_ESt4lessIiESaIS8_EE12_M_rightmostEv
FNDA:9,_ZNSt8_Rb_treeIiSt4pairIKiNSt7__cxx1112basic_stringIcSt11char_traitsIcESaIcEEEESt10_Select1stIS8_ESt4lessIiESaIS8_EE8_M_beginEv
FNDA:20,_ZNSt8_Rb_treeIiSt4pairIKiNSt7__cxx1112basic_stringIcSt11char_traitsIcESaIcEEEESt10_Select1stIS8_ESt4lessIiESaIS8_EE6_M_endEv
FNDA:25,_ZNSt8_Rb_treeIiSt4pairIKiNSt7__cxx1112basic_stringIcSt11char_traitsIcESaIcEEEESt10_Select1stIS8_ESt4lessIiESaIS8_EE8_S_valueEPKSt13_Rb_tree_nodeIS8_E
FNDA:25,_ZNSt8_Rb_treeIiSt4pairIKiNSt7__cxx1112basic_stringIcSt11char_traitsIcESaIcEEEESt10_Select1stIS8_ESt4lessIiESaIS8_EE6_S_keyEPKSt13_Rb_tree_nodeIS8_E
FNDA:7,_ZNSt8_Rb_treeIiSt4pairIKiNSt7__cxx1112basic_stringIcSt11char_traitsIcESaIcEEEESt10_Select1stIS8_ESt4lessIiESaIS8_EE7_S_leftEPSt18_Rb_tree_node_base
FNDA:19,_ZNSt8_Rb_treeIiSt4pairIKiNSt7__cxx1112basic_stringIcSt11char_traitsIcESaIcEEEESt10_Select1stIS8_ESt4lessIiESaIS8_EE8_S_rightEPSt18_Rb_tree_node_base
FNDA:10,_ZNSt8_Rb_treeIiSt4pairIKiNSt7__cxx1112basic_stringIcSt11char_traitsIcESaIcEEEESt10_Select1stIS8_ESt4lessIiESaIS8_EE8_S_valueEPKSt18_Rb_tree_node_base
FNDA:10,_ZNSt8_Rb_treeIiSt4pairIKiNSt7__cxx1112basic_stringIcSt11char_traitsIcESaIcEEEESt10_Select1stIS8_ESt4lessIiESaIS8_EE6_S_keyEPKSt18_Rb_tree_node_base
FNDA:1,_ZNSt8_Rb_treeIiSt4pairIKiNSt7__cxx1112basic_stringIcSt11char_traitsIcESaIcEEEESt10_Select1stIS8_ESt4lessIiESaIS8_EEC2Ev
FNDA:1,_ZNSt8_Rb_treeIiSt4pairIKiNSt7__cxx1112basic_stringIcSt11char_traitsIcESaIcEEEESt10_Select1stIS8_ESt4lessIiESaIS8_EED2Ev
FNDA:1,_ZNKSt8_Rb_treeIiSt4pairIKiNSt7__cxx1112basic_stringIcSt11char_traitsIcESaIcEEEESt10_Select1stIS8_ESt4lessIiESaIS8_EE8key_compEv
FNDA:1,_ZNSt8_Rb_treeIiSt4pairIKiNSt7__cxx1112basic_stringIcSt11char_traitsIcESaIcEEEESt10_Select1stIS8_ESt4lessIiESaIS8_EE5beginEv
FNDA:7,_ZNSt8_Rb_treeIiSt4pairIKiNSt7__cxx1112basic_stringIcSt11char_traitsIcESaIcEEEESt10_Select1stIS8_ESt4lessIiESaIS8_EE3endEv
FNDA:6,_ZNKSt8_Rb_treeIiSt4pairIKiNSt7__cxx1112basic_stringIcSt11char_traitsIcESaIcEEEESt10_Select1stIS8_ESt4lessIiESaIS8_EE4sizeEv
FNDA:7,_ZNSt8_Rb_treeIiSt4pairIKiNSt7__cxx1112basic_stringIcSt11char_traitsIcESaIcEEEESt10_Select1stIS8_ESt4lessIiESaIS8_EE11lower_boundERS1_
FNDA:7,_ZNSt8_Rb_treeIiSt4pairIKiNSt7__cxx1112basic_stringIcSt11char_traitsIcESaIcEEEESt10_Select1stIS8_ESt4lessIiESaIS8_EE8_M_eraseEPSt13_Rb_tree_nodeIS8_E
FNDA:7,_ZNSt8_Rb_treeIiSt4pairIKiNSt7__cxx1112basic_stringIcSt11char_traitsIcESaIcEEEESt10_Select1stIS8_ESt4lessIiESaIS8_EE14_M_lower_boundEPSt13_Rb_tree_nodeIS8_EPSt18_Rb_tree_node_baseRS1_
FNDA:1,_ZNSt8_Rb_treeIiSt4pairIKiNSt7__cxx1112basic_stringIcSt11char_traitsIcESaIcEEEESt10_Select1stIS8_ESt4lessIiESaIS8_EE24_M_get_insert_unique_posERS1_
FNDA:6,_ZNSt8_Rb_treeIiSt4pairIKiNSt7__cxx1112basic_stringIcSt11char_traitsIcESaIcEEEESt10_Select1stIS8_ESt4lessIiESaIS8_EE29_M_get_insert_hint_unique_posESt23_Rb_tree_const_iteratorIS8_ERS1_
FNDA:6,_ZNSt8_Rb_treeIiSt4pairIKiNSt7__cxx1112basic_stringIcSt11char_traitsIcESaIcEEEESt10_Select1stIS8_ESt4lessIiESaIS8_EE14_M_insert_nodeEPSt18_Rb_tree_node_baseSG_PSt13_Rb_tree_nodeIS8_E
FNDA:0,_ZNSt8_Rb_treeIiSt4pairIKiNSt7__cxx1112basic_stringIcSt11char_traitsIcESaIcEEEESt10_Select1stIS8_ESt4lessIiESaIS8_EE22_M_emplace_hint_uniqueIJRKSt21piecewise_construct_tSt5tupleIJRS1_EESJ_IJEEEEESt17_Rb_tree_iteratorIS8_ESt23_Rb_tree_const_iteratorIS8_EDpOT_
FNDA:6,_ZNSt8_Rb_treeIiSt4pairIKiNSt7__cxx1112basic_stringIcSt11char_traitsIcESaIcEEEESt10_Select1stIS8_ESt4lessIiESaIS8_EE22_M_emplace_hint_uniqueIJRKSt21piecewise_construct_tSt5tupleIJOiEESJ_IJEEEEESt17_Rb_tree_iteratorIS8_ESt23_Rb_tree_const_iteratorIS8_EDpOT_
FNF:47
FNH:39
DA:146,1
DA:150,1
DA:173,0
DA:174,0
DA:175,0
DA:176,0
DA:177,0
DA:206,0
DA:208,0
DA:209,0
DA:210,0
DA:211,0
DA:212,0
DA:234,20
DA:235,20
DA:238,35
DA:239,35
DA:273,28
DA:274,28
DA:277,8
DA:278,8
DA:285,0
DA:287,0
DA:288,0
DA:300,0
DA:302,0
DA:303,0
DA:315,8
DA:316,8
DA:348,6
DA:349,6
DA:352,6
DA:353,6
DA:574,24
DA:575,24
DA:587,6
DA:588,6
DA:591,6
DA:592,6
DA:621,6
DA:625,6
DA:626,6
DA:630,0
DA:633,0
DA:634,0
DA:636,6
DA:640,6
DA:642,6
DA:643,6
DA:644,6
DA:648,6
DA:650,6
DA:652,6
DA:656,6
DA:658,6
DA:659,6
DA:660,6
DA:677,1
DA:688,1
DA:720,0
DA:721,0
DA:728,10
DA:729,10
DA:736,9
DA:737,9
DA:747,20
DA:748,20
DA:755,25
DA:756,25
DA:759,25
DA:760,25
DA:763,7
DA:764,7
DA:771,19
DA:772,19
DA:779,10
DA:780,10
DA:783,10
DA:784,10
DA:913,1
DA:948,1
DA:949,1
DA:956,1
DA:957,1
DA:960,1
DA:961,1
DA:968,7
DA:969,7
DA:996,6
DA:997,6
DA:1186,7
DA:1187,7
DA:1850,13
DA:1854,19
DA:1856,6
DA:1857,6
DA:1858,6
DA:1859,6
DA:1861,7
DA:1867,21
DA:1871,35
DA:1872,14
DA:1873,1
DA:1875,13
DA:1876,7
DA:2028,1
DA:2032,1
DA:2033,1
DA:2034,1
DA:2035,1
DA:2037,0
DA:2038,0
DA:2039,0
DA:2041,1
DA:2042,1
DA:2044,1
DA:2045,1
DA:2047,0
DA:2049,0
DA:2050,0
DA:2051,0
DA:2130,6
DA:2134,6
DA:2138,6
DA:2140,12
DA:2141,6
DA:2142,5
DA:2144,1
DA:2146,0
DA:2149,0
DA:2150,0
DA:2151,0
DA:2152,0
DA:2154,0
DA:2155,0
DA:2157,0
DA:2160,0
DA:2162,0
DA:2165,0
DA:2166,0
DA:2167,0
DA:2168,0
DA:2170,0
DA:2171,0
DA:2173,0
DA:2176,0
DA:2180,0
DA:2297,6
DA:2300,12
DA:2301,11
DA:2304,6
DA:2306,6
DA:2307,6
DA:2395,6
DA:2398,6
DA:2402,6
DA:2404,6
DA:2405,6
DA:2407,0
DA:2408,0
DA:2410,0
DA:2412,0
DA:2413,0
LF:163
LH:110
end_of_record
SF:/usr/include/c++/7/bits/stl_uninitialized.h
FN:226,_ZNSt22__uninitialized_fill_nILb1EE15__uninit_fill_nIPimiEET_S3_T0_RKT1_
FN:244,_ZSt20uninitialized_fill_nIPimiET_S1_T0_RKT1_
FN:364,_ZSt24__uninitialized_fill_n_aIPimiiET_S1_T0_RKT1_RSaIT2_E
FNDA:1,_ZNSt22__uninitialized_fill_nILb1EE15__uninit_fill_nIPimiEET_S3_T0_RKT1_
FNDA:1,_ZSt20uninitialized_fill_nIPimiET_S1_T0_RKT1_
FNDA:1,_ZSt24__uninitialized_fill_n_aIPimiiET_S1_T0_RKT1_RSaIT2_E
FNF:3
FNH:3
DA:226,1
DA:228,1
DA:244,1
DA:252,1
DA:255,1
DA:364,1
DA:366,1
LF:7
LH:7
end_of_record
SF:/usr/include/c++/7/bits/stl_vector.h
FN:81,_ZNSt12_Vector_baseIiSaIiEE12_Vector_implD2Ev
FN:92,_ZNSt12_Vector_baseIiSaIiEE12_Vector_implC2ERKS0_
FN:115,_ZNSt12_Vector_baseIiSaIiEE19_M_get_Tp_allocatorEv
FN:136,_ZNSt12_Vector_baseIiSaIiEEC2EmRKS0_
FN:161,_ZNSt12_Vector_baseIiSaIiEED2Ev
FN:169,_ZNSt12_Vector_baseIiSaIiEE11_M_allocateEm
FN:176,_ZNSt12_Vector_baseIiSaIiEE13_M_deallocateEPim
FN:185,_ZNSt12_Vector_baseIiSaIiEE17_M_create_storageEm
FN:295,_ZNSt6vectorIiSaIiEEC2EmRKiRKS0_
FN:433,_ZNSt6vectorIiSaIiEED2Ev
FN:563,_ZNSt6vectorIdSaIdEE5beginEv
FN:563,_ZNSt6vectorIiSaIiEE5beginEv
FN:572,_ZNKSt6vectorIdSaIdEE5beginEv
FN:581,_ZNSt6vectorIiSaIiEE3endEv
FN:581,_ZNSt6vectorIdSaIdEE3endEv
FN:590,_ZNKSt6vectorIdSaIdEE3endEv
FN:670,_ZNKSt6vectorIdSaIdEE4sizeEv
FN:795,_ZNSt6vectorIiSaIiEEixEm
FN:1334,_ZNSt6vectorIiSaIiEE18_M_fill_initializeEmRKi
FNDA:1,_ZNSt12_Vector_baseIiSaIiEE12_Vector_implD2Ev
FNDA:1,_ZNSt12_Vector_baseIiSaIiEE12_Vector_implC2ERKS0_
FNDA:2,_ZNSt12_Vector_baseIiSaIiEE19_M_get_Tp_allocatorEv
FNDA:1,_ZNSt12_Vector_baseIiSaIiEEC2EmRKS0_
FNDA:1,_ZNSt12_Vector_baseIiSaIiEED2Ev
FNDA:1,_ZNSt12_Vector_baseIiSaIiEE11_M_allocateEm
FNDA:1,_ZNSt12_Vector_baseIiSaIiEE13_M_deallocateEPim
FNDA:1,_ZNSt12_Vector_baseIiSaIiEE17_M_create_storageEm
FNDA:1,_ZNSt6vectorIiSaIiEEC2EmRKiRKS0_
FNDA:1,_ZNSt6vectorIiSaIiEED2Ev
FNDA:2,_ZNSt6vectorIiSaIiEE5beginEv
FNDA:0,_ZNSt6vectorIdSaIdEE5beginEv
FNDA:4,_ZNKSt6vectorIdSaIdEE5beginEv
FNDA:1,_ZNSt6vectorIiSaIiEE3endEv
FNDA:0,_ZNSt6vectorIdSaIdEE3endEv
FNDA:3,_ZNKSt6vectorIdSaIdEE3endEv
FNDA:0,_ZNKSt6vectorIdSaIdEE4sizeEv
FNDA:664,_ZNSt6vectorIiSaIiEEixEm
FNDA:1,_ZNSt6vectorIiSaIiEE18_M_fill_initializeEmRKi
FNF:19
FNH:16
DA:81,1
DA:92,1
DA:93,1
DA:94,1
DA:115,2
DA:116,2
DA:136,1
DA:137,1
DA:138,1
DA:161,1
DA:162,2
DA:163,2
DA:169,1
DA:172,1
DA:176,1
DA:179,1
DA:180,1
DA:181,1
DA:185,1
DA:187,1
DA:188,1
DA:189,1
DA:190,1
DA:295,1
DA:297,1
DA:298,1
DA:433,1
DA:434,1
DA:435,2
DA:563,2
DA:564,2
DA:572,4
DA:573,4
DA:581,1
DA:582,1
DA:590,3
DA:591,3
DA:670,0
DA:671,0
DA:795,664
DA:798,664
DA:1334,1
DA:1336,1
DA:1337,1
DA:1338,1
DA:1339,1
LF:46
LH:44
end_of_record
SF:/usr/include/c++/7/ext/aligned_buffer.h
FN:62,_ZN9__gnu_cxx16__aligned_membufISt4pairIKiNSt7__cxx1112basic_stringIcSt11char_traitsIcESaIcEEEEE7_M_addrEv
FN:66,_ZNK9__gnu_cxx16__aligned_membufISt4pairIKiNSt7__cxx1112basic_stringIcSt11char_traitsIcESaIcEEEEE7_M_addrEv
FN:70,_ZN9__gnu_cxx16__aligned_membufISt4pairIKiNSt7__cxx1112basic_stringIcSt11char_traitsIcESaIcEEEEE6_M_ptrEv
FN:74,_ZNK9__gnu_cxx16__aligned_membufISt4pairIKiNSt7__cxx1112basic_stringIcSt11char_traitsIcESaIcEEEEE6_M_ptrEv
FNDA:20,_ZN9__gnu_cxx16__aligned_membufISt4pairIKiNSt7__cxx1112basic_stringIcSt11char_traitsIcESaIcEEEEE7_M_addrEv
FNDA:35,_ZNK9__gnu_cxx16__aligned_membufISt4pairIKiNSt7__cxx1112basic_stringIcSt11char_traitsIcESaIcEEEEE7_M_addrEv
FNDA:20,_ZN9__gnu_cxx16__aligned_membufISt4pairIKiNSt7__cxx1112basic_stringIcSt11char_traitsIcESaIcEEEEE6_M_ptrEv
FNDA:35,_ZNK9__gnu_cxx16__aligned_membufISt4pairIKiNSt7__cxx1112basic_stringIcSt11char_traitsIcESaIcEEEEE6_M_ptrEv
FNF:4
FNH:4
DA:62,20
DA:63,20
DA:66,35
DA:67,35
DA:70,20
DA:71,20
DA:74,35
DA:75,35
LF:8
LH:8
end_of_record
SF:/usr/include/c++/7/ext/new_allocator.h
FN:79,_ZN9__gnu_cxx13new_allocatorIiEC2Ev
FN:79,_ZN9__gnu_cxx13new_allocatorISt13_Rb_tree_nodeISt4pairIKiNSt7__cxx1112basic_stringIcSt11char_traitsIcESaIcEEEEEEC2Ev
FN:81,_ZN9__gnu_cxx13new_allocatorIiEC2ERKS1_
FN:86,_ZN9__gnu_cxx13new_allocatorIiED2Ev
FN:86,_ZN9__gnu_cxx13new_allocatorISt13_Rb_tree_nodeISt4pairIKiNSt7__cxx1112basic_stringIcSt11char_traitsIcESaIcEEEEEED2Ev
FN:99,_ZN9__gnu_cxx13new_allocatorIiE8allocateEmPKv
FN:99,_ZN9__gnu_cxx13new_allocatorISt13_Rb_tree_nodeISt4pairIKiNSt7__cxx1112basic_stringIcSt11char_traitsIcESaIcEEEEEE8allocateEmPKv
FN:116,_ZN9__gnu_cxx13new_allocatorISt13_Rb_tree_nodeISt4pairIKiNSt7__cxx1112basic_stringIcSt11char_traitsIcESaIcEEEEEE10deallocateEPSB_m
FN:116,_ZN9__gnu_cxx13new_allocatorIiE10deallocateEPim
FN:129,_ZNK9__gnu_cxx13new_allocatorISt13_Rb_tree_nodeISt4pairIKiNSt7__cxx1112basic_stringIcSt11char_traitsIcESaIcEEEEEE8max_sizeEv
FN:129,_ZNK9__gnu_cxx13new_allocatorIiE8max_sizeEv
FN:135,_ZN9__gnu_cxx13new_allocatorISt13_Rb_tree_nodeISt4pairIKiNSt7__cxx1112basic_stringIcSt11char_traitsIcESaIcEEEEEE9constructISA_JRKSt21piecewise_construct_tSt5tupleIJOiEESH_IJEEEEEvPT_DpOT0_
FN:135,_ZN9__gnu_cxx13new_allocatorISt13_Rb_tree_nodeISt4pairIKiNSt7__cxx1112basic_stringIcSt11char_traitsIcESaIcEEEEEE9constructISA_JRKSt21piecewise_construct_tSt5tupleIJRS3_EESH_IJEEEEEvPT_DpOT0_
FN:140,_ZN9__gnu_cxx13new_allocatorISt13_Rb_tree_nodeISt4pairIKiNSt7__cxx1112basic_stringIcSt11char_traitsIcESaIcEEEEEE7destroyISA_EEvPT_
FNDA:1,_ZN9__gnu_cxx13new_allocatorIiEC2Ev
FNDA:1,_ZN9__gnu_cxx13new_allocatorISt13_Rb_tree_nodeISt4pairIKiNSt7__cxx1112basic_stringIcSt11char_traitsIcESaIcEEEEEEC2Ev
FNDA:1,_ZN9__gnu_cxx13new_allocatorIiEC2ERKS1_
FNDA:2,_ZN9__gnu_cxx13new_allocatorIiED2Ev
FNDA:1,_ZN9__gnu_cxx13new_allocatorISt13_Rb_tree_nodeISt4pairIKiNSt7__cxx1112basic_stringIcSt11char_traitsIcESaIcEEEEEED2Ev
FNDA:1,_ZN9__gnu_cxx13new_allocatorIiE8allocateEmPKv
FNDA:6,_ZN9__gnu_cxx13new_allocatorISt13_Rb_tree_nodeISt4pairIKiNSt7__cxx1112basic_stringIcSt11char_traitsIcESaIcEEEEEE8allocateEmPKv
FNDA:6,_ZN9__gnu_cxx13new_allocatorISt13_Rb_tree_nodeISt4pairIKiNSt7__cxx1112basic_stringIcSt11char_traitsIcESaIcEEEEEE10deallocateEPSB_m
FNDA:1,_ZN9__gnu_cxx13new_allocatorIiE10deallocateEPim
FNDA:1,_ZNK9__gnu_cxx13new_allocatorIiE8max_sizeEv
FNDA:6,_ZNK9__gnu_cxx13new_allocatorISt13_Rb_tree_nodeISt4pairIKiNSt7__cxx1112basic_stringIcSt11char_traitsIcESaIcEEEEEE8max_sizeEv
FNDA:0,_ZN9__gnu_cxx13new_allocatorISt13_Rb_tree_nodeISt4pairIKiNSt7__cxx1112basic_stringIcSt11char_traitsIcESaIcEEEEEE9constructISA_JRKSt21piecewise_construct_tSt5tupleIJRS3_EESH_IJEEEEEvPT_DpOT0_
FNDA:6,_ZN9__gnu_cxx13new_allocatorISt13_Rb_tree_nodeISt4pairIKiNSt7__cxx1112basic_stringIcSt11char_traitsIcESaIcEEEEEE9constructISA_JRKSt21piecewise_construct_tSt5tupleIJOiEESH_IJEEEEEvPT_DpOT0_
FNDA:6,_ZN9__gnu_cxx13new_allocatorISt13_Rb_tree_nodeISt4pairIKiNSt7__cxx1112basic_stringIcSt11char_traitsIcESaIcEEEEEE7destroyISA_EEvPT_
FNF:14
FNH:13
DA:79,2
DA:81,1
DA:86,3
DA:99,7
DA:101,7
DA:102,0
DA:111,7
DA:116,7
DA:125,7
DA:126,7
DA:129,7
DA:130,7
DA:135,6
DA:136,6
DA:140,6
LF:15
LH:14
end_of_record
SF:/usr/include/c++/7/iostream
DA:74,1
LF:1
LH:1
end_of_record
SF:/usr/include/c++/7/new
FN:168,_ZnwmPv
FN:174,_ZdlPvS_
FNDA:0,_ZnwmPv
FNDA:0,_ZdlPvS_
FNF:2
FNH:0
DA:168,0
DA:169,0
DA:174,0
LF:3
LH:0
end_of_record
SF:/usr/include/c++/7/tuple
FN:125,_ZNSt10_Head_baseILm0ERKiLb0EEC2ES1_
FN:132,_ZNSt10_Head_baseILm0EOiLb0EEC2IiEEOT_
FN:160,_ZNSt10_Head_baseILm0EOiLb0EE7_M_headERS1_
FN:160,_ZNSt10_Head_baseILm0ERKiLb0EE7_M_headERS2_
FN:351,_ZNSt11_Tuple_implILm0EJOiEE7_M_headERS1_
FN:351,_ZNSt11_Tuple_implILm0EJRKiEE7_M_headERS2_
FN:360,_ZNSt11_Tuple_implILm0EJRKiEEC2ES1_
FN:365,_ZNSt11_Tuple_implILm0EJOiEEC2IiEEOT_
FN:371,_ZNSt11_Tuple_implILm0EJOiEEC2EOS1_
FN:371,_ZNSt11_Tuple_implILm0EJRKiEEC2EOS2_
FN:608,_ZNSt5tupleIJRKiEEC2IvLb1EEES1_
FN:646,_ZNSt5tupleIJOiEEC2IJiELb1EEEDpOT_
FN:662,_ZNSt5tupleIJOiEEC2EOS1_
FN:662,_ZNSt5tupleIJRKiEEC2EOS2_
FN:1303,_ZSt12__get_helperILm0EOiJEERT0_RSt11_Tuple_implIXT_EJS1_DpT1_EE
FN:1303,_ZSt12__get_helperILm0ERKiJEERT0_RSt11_Tuple_implIXT_EJS2_DpT1_EE
FN:1314,_ZSt3getILm0EJRKiEERNSt13tuple_elementIXT_ESt5tupleIJDpT0_EEE4typeERS6_
FN:1314,_ZSt3getILm0EJOiEERNSt13tuple_elementIXT_ESt5tupleIJDpT0_EEE4typeERS5_
FN:1459,_ZSt16forward_as_tupleIJiEESt5tupleIJDpOT_EES3_
FN:1636,_ZNSt4pairIKiNSt7__cxx1112basic_stringIcSt11char_traitsIcESaIcEEEEC2IJOiEJEEESt21piecewise_construct_tSt5tupleIJDpT_EESB_IJDpT0_EE
FN:1636,_ZNSt4pairIKiNSt7__cxx1112basic_stringIcSt11char_traitsIcESaIcEEEEC2IJRS0_EJEEESt21piecewise_construct_tSt5tupleIJDpT_EESB_IJDpT0_EE
FN:1648,_ZNSt4pairIKiNSt7__cxx1112basic_stringIcSt11char_traitsIcESaIcEEEEC2IJOiEJLm0EEJEJEEERSt5tupleIJDpT_EERSA_IJDpT1_EESt12_Index_tupleIJXspT0_EEESJ_IJXspT2_EEE
FN:1648,_ZNSt4pairIKiNSt7__cxx1112basic_stringIcSt11char_traitsIcESaIcEEEEC2IJRS0_EJLm0EEJEJEEERSt5tupleIJDpT_EERSA_IJDpT1_EESt12_Index_tupleIJXspT0_EEESJ_IJXspT2_EEE
FNDA:0,_ZNSt10_Head_baseILm0ERKiLb0EEC2ES1_
FNDA:12,_ZNSt10_Head_baseILm0EOiLb0EEC2IiEEOT_
FNDA:0,_ZNSt10_Head_baseILm0ERKiLb0EE7_M_headERS2_
FNDA:12,_ZNSt10_Head_baseILm0EOiLb0EE7_M_headERS1_
FNDA:0,_ZNSt11_Tuple_implILm0EJRKiEE7_M_headERS2_
FNDA:12,_ZNSt11_Tuple_implILm0EJOiEE7_M_headERS1_
FNDA:0,_ZNSt11_Tuple_implILm0EJRKiEEC2ES1_
FNDA:6,_ZNSt11_Tuple_implILm0EJOiEEC2IiEEOT_
FNDA:0,_ZNSt11_Tuple_implILm0EJRKiEEC2EOS2_
FNDA:6,_ZNSt11_Tuple_implILm0EJOiEEC2EOS1_
FNDA:0,_ZNSt5tupleIJRKiEEC2IvLb1EEES1_
FNDA:6,_ZNSt5tupleIJOiEEC2IJiELb1EEEDpOT_
FNDA:0,_ZNSt5tupleIJRKiEEC2EOS2_
FNDA:6,_ZNSt5tupleIJOiEEC2EOS1_
FNDA:0,_ZSt12__get_helperILm0ERKiJEERT0_RSt11_Tuple_implIXT_EJS2_DpT1_EE
FNDA:6,_ZSt12__get_helperILm0EOiJEERT0_RSt11_Tuple_implIXT_EJS1_DpT1_EE
FNDA:0,_ZSt3getILm0EJRKiEERNSt13tuple_elementIXT_ESt5tupleIJDpT0_EEE4typeERS6_
FNDA:6,_ZSt3getILm0EJOiEERNSt13tuple_elementIXT_ESt5tupleIJDpT0_EEE4typeERS5_
FNDA:6,_ZSt16forward_as_tupleIJiEESt5tupleIJDpOT_EES3_
FNDA:0,_ZNSt4pairIKiNSt7__cxx1112basic_stringIcSt11char_traitsIcESaIcEEEEC2IJRS0_EJEEESt21piecewise_construct_tSt5tupleIJDpT_EESB_IJDpT0_EE
FNDA:6,_ZNSt4pairIKiNSt7__cxx1112basic_stringIcSt11char_traitsIcESaIcEEEEC2IJOiEJEEESt21piecewise_construct_tSt5tupleIJDpT_EESB_IJDpT0_EE
FNDA:0,_ZNSt4pairIKiNSt7__cxx1112basic_stringIcSt11char_traitsIcESaIcEEEEC2IJRS0_EJLm0EEJEJEEERSt5tupleIJDpT_EERSA_IJDpT1_EESt12_Index_tupleIJXspT0_EEESJ_IJXspT2_EEE
FNDA:6,_ZNSt4pairIKiNSt7__cxx1112basic_stringIcSt11char_traitsIcESaIcEEEEC2IJOiEJLm0EEJEJEEERSt5tupleIJDpT_EERSA_IJDpT1_EESt12_Index_tupleIJXspT0_EEESJ_IJXspT2_EEE
FNF:23
FNH:12
DA:125,0
DA:126,0
DA:132,12
DA:133,12
DA:160,12
DA:351,12
DA:360,0
DA:361,0
DA:365,6
DA:366,6
DA:371,6
DA:373,6
DA:608,0
DA:609,0
DA:646,6
DA:647,6
DA:662,6
DA:1303,6
DA:1304,6
DA:1314,6
DA:1315,6
DA:1459,6
DA:1460,6
DA:1636,6
DA:1641,6
DA:1642,6
DA:1648,6
DA:1651,6
DA:1652,6
DA:1653,6
LF:30
LH:24
end_of_record
SF:/home/kpit/c_workspace/project1/function.cpp
FN:6,_Z6SpikesRKSt6vectorIdSaIdEE
FN:32,_Z13SoundCatagoryRSt6vectorIdSaIdEE
FN:62,_Z41__static_initialization_and_destruction_0ii
FN:62,_GLOBAL__sub_I__Z6SpikesRKSt6vectorIdSaIdEE
FNDA:1,_Z6SpikesRKSt6vectorIdSaIdEE
FNDA:1,_Z13SoundCatagoryRSt6vectorIdSaIdEE
FNDA:1,_GLOBAL__sub_I__Z6SpikesRKSt6vectorIdSaIdEE
FNDA:1,_Z41__static_initialization_and_destruction_0ii
FNF:4
FNH:4
DA:6,1
DA:7,1
DA:8,1
DA:9,1
DA:10,1
DA:12,1
DA:13,1
DA:15,1
DA:16,1
DA:18,1
DA:21,665
DA:22,664
DA:24,70
DA:25,664
DA:26,664
DA:27,664
DA:29,1
DA:32,1
DA:33,2
DA:34,1
DA:35,1
DA:36,1
DA:37,1
DA:38,1
DA:39,1
DA:41,2
DA:43,665
DA:44,664
DA:45,0
DA:46,664
DA:47,10
DA:48,654
DA:49,184
DA:50,470
DA:51,439
DA:52,31
DA:53,31
DA:55,0
DA:59,1
DA:60,1
DA:62,4
LF:41
LH:39
end_of_record
TN:
SF:/usr/include/c++/7/iostream
DA:74,1
LF:1
LH:1
end_of_record
SF:/home/kpit/c_workspace/project1/header.cpp
FN:24,_ZN13Accelerometer7Abs_accEv
FN:29,_ZN5Sound12MaxIntensityEv
FN:34,_ZN5Sound8GetValueEv
FN:36,_ZN13Accelerometer8GetValueEv
FN:38,_ZN5Sound9SetMaxIntEP6Sensor
FN:46,_ZN6SensormiERNSt7__cxx1112basic_stringIcSt11char_traitsIcESaIcEEE
FN:46,_Z41__static_initialization_and_destruction_0ii
FN:46,_GLOBAL__sub_I__ZN13Accelerometer7Abs_accEv
FNDA:664,_ZN13Accelerometer7Abs_accEv
FNDA:1980,_ZN5Sound12MaxIntensityEv
FNDA:664,_ZN5Sound8GetValueEv
FNDA:664,_ZN13Accelerometer8GetValueEv
FNDA:664,_ZN5Sound9SetMaxIntEP6Sensor
FNDA:1,_GLOBAL__sub_I__ZN13Accelerometer7Abs_accEv
FNDA:1,_Z41__static_initialization_and_destruction_0ii
FNDA:0,_ZN6SensormiERNSt7__cxx1112basic_stringIcSt11char_traitsIcESaIcEEE
FNF:8
FNH:7
DA:24,664
DA:25,664
DA:26,664
DA:29,1980
DA:31,1980
DA:34,664
DA:36,664
DA:38,664
DA:40,664
DA:41,652
DA:43,12
DA:44,664
DA:46,3
LF:13
LH:13
end_of_record
SF:/home/kpit/c_workspace/project1/header.h
FN:24,_ZN6SensorD2Ev
FN:24,_ZN6SensorD0Ev
FN:26,_ZN6Sensor12MaxIntensityEv
FN:28,_ZN6Sensor7Abs_accEv
FN:30,_ZN6Sensor8GetValueEv
FN:31,_ZN6Sensor9SetMaxIntEPS_
FN:47,_ZN13AccelerometerD0Ev
FN:47,_ZN13AccelerometerD2Ev
FN:62,_ZN5SoundD2Ev
FN:62,_ZN5SoundD0Ev
FNDA:0,_ZN6SensorD0Ev
FNDA:0,_ZN6SensorD2Ev
FNDA:0,_ZN6Sensor12MaxIntensityEv
FNDA:0,_ZN6Sensor7Abs_accEv
FNDA:0,_ZN6Sensor8GetValueEv
FNDA:0,_ZN6Sensor9SetMaxIntEPS_
FNDA:664,_ZN13AccelerometerD0Ev
FNDA:664,_ZN13AccelerometerD2Ev
FNDA:664,_ZN5SoundD0Ev
FNDA:664,_ZN5SoundD2Ev
FNF:10
FNH:4
DA:24,0
DA:26,0
DA:28,0
DA:30,0
DA:31,0
DA:47,1328
DA:62,1328
LF:7
LH:2
end_of_record
